<?xml version="1.0" encoding="UTF-8"?>
<!-- Generated by org.testng.reporters.JUnitXMLReporter -->
<testsuite hostname="WIN-PBVU1D92USF" name="FIREFOX on WINDOWS LOCAL" tests="18" failures="0" timestamp="15 Dec 2015 09:34:20 GMT" time="1765.505" errors="0">
  <testcase name="CreateSalesandSupportTask" time="65.905" classname="com.Idexx.scripts.Activity"/>
  <testcase name="CreateSalesandSupportTaskMultipleContact" time="117.968" classname="com.Idexx.scripts.Activity"/>
  <testcase name="DifferentiationBetweenActivityAndTask" time="42.032" classname="com.Idexx.scripts.Activity"/>
  <testcase name="CreateCaseFromAccounts" time="79.514" classname="com.Idexx.scripts.Case"/>
  <testcase name="CreateCaseFromAccounts" time="0.0" classname="com.Idexx.scripts.Case"/>
  <testcase name="CaseEscalationRules" time="114.671" classname="com.Idexx.scripts.Case"/>
  <testcase name="CreateSalesandSupportTaskOpportunity" time="135.797" classname="com.Idexx.scripts.Activity"/>
  <testcase name="CreateSalesandSupportTaskContact" time="114.453" classname="com.Idexx.scripts.Activity"/>
  <testcase name="CreateActivityFromAccounts" time="61.829" classname="com.Idexx.scripts.Activity"/>
  <testcase name="CreateActivityFromOpportunity" time="70.201" classname="com.Idexx.scripts.Activity"/>
  <testcase name="CreateActivityFromContact" time="83.22" classname="com.Idexx.scripts.Activity"/>
  <testcase name="CreateCaseFromContact" time="111.781" classname="com.Idexx.scripts.Case"/>
  <testcase name="CreateCaseFromOpportunity" time="0.001" classname="com.Idexx.scripts.Case"/>
  <testcase name="CreateCaseFromOpportunity" time="0.001" classname="com.Idexx.scripts.Case"/>
  <testcase name="CreateCaseFromOpportunity" time="0.001" classname="com.Idexx.scripts.Case"/>
  <testcase name="CreateCaseFromOpportunity" time="126.998" classname="com.Idexx.scripts.Case"/>
  <testcase name="TransferCase" time="99.076" classname="com.Idexx.scripts.Case"/>
  <testcase name="TransferCase" time="95.812" classname="com.Idexx.scripts.Case"/>
</testsuite> <!-- FIREFOX on WINDOWS LOCAL -->
