<?xml version="1.0" encoding="UTF-8"?>
<!-- Generated by org.testng.reporters.JUnitXMLReporter -->
<testsuite hostname="HW1562" name="IE on WINDOWS LOCAL" tests="8" failures="0" timestamp="13 Dec 2015 10:38:52 GMT" time="33.351" errors="0">
  <testcase name="@AfterClass logOut" time="0.0" classname="com.Idexx.scripts.Activity">
    <failure type="java.lang.NullPointerException">
      <![CDATA[java.lang.NullPointerException
	at com.Idexx.page.HomePage.Home_Page(HomePage.java:61)
	at com.Idexx.libs.IdexxLib.doLogout(IdexxLib.java:110)
	at com.Idexx.scripts.Activity.logOut(Activity.java:246)
	at java.util.concurrent.FutureTask.run(FutureTask.java:262)
	at java.util.concurrent.ThreadPoolExecutor.runWorker(ThreadPoolExecutor.java:1145)
	at java.util.concurrent.ThreadPoolExecutor$Worker.run(ThreadPoolExecutor.java:615)
	at java.lang.Thread.run(Thread.java:745)
... Removed 16 stack frames]]>
    </failure>
  </testcase> <!-- @AfterClass logOut -->
  <testcase name="CreateActivityFromAccounts" time="0.0" classname="com.Idexx.scripts.Activity"/>
  <testcase name="CreateActivityFromContact" time="0.0" classname="com.Idexx.scripts.Activity"/>
  <testcase name="CreateActivityFromOpportunity" time="0.0" classname="com.Idexx.scripts.Activity"/>
  <testcase name="CreateSalesandSupportTask" time="0.0" classname="com.Idexx.scripts.Activity"/>
  <testcase name="CreateSalesandSupportTaskContact" time="0.0" classname="com.Idexx.scripts.Activity"/>
  <testcase name="CreateSalesandSupportTaskMultipleContact" time="0.0" classname="com.Idexx.scripts.Activity"/>
  <testcase name="CreateSalesandSupportTaskOpportunity" time="0.0" classname="com.Idexx.scripts.Activity"/>
  <testcase name="DifferentiationBetweenActivityAndTask" time="0.0" classname="com.Idexx.scripts.Activity"/>
</testsuite> <!-- IE on WINDOWS LOCAL -->
