<?xml version="1.0" encoding="UTF-8"?>
<!-- Generated by org.testng.reporters.JUnitXMLReporter -->
<testsuite hostname="HW1203" name="TaylorMade-iOS-iPhone (4)" tests="2" failures="0" timestamp="28 Jul 2015 18:37:17 GMT" time="79.865" errors="0">
  <testcase name="verifyPageTitle" time="2.847" classname="com.appium.project.scripts.TestTaylorMade"/>
  <testcase name="OrderingOfProducts" time="54.745" classname="com.appium.project.scripts.TestTaylorMade"/>
</testsuite> <!-- TaylorMade-iOS-iPhone (4) -->
