<?xml version="1.0" encoding="UTF-8"?>
<!-- Generated by org.testng.reporters.JUnitXMLReporter -->
<testsuite hostname="VBEHL-W7" name="chromeWindowsLocal" tests="4" failures="0" timestamp="17 May 2017 13:26:14 GMT" time="1242.805" errors="0">
  <testcase name="TestCreateUser" time="384.719" classname="com.Idexx.scripts.Contacts"/>
  <testcase name="TestCreateUser" time="474.302" classname="com.Idexx.scripts.Contacts"/>
  <testcase name="TestCreateUser" time="169.391" classname="com.Idexx.scripts.Contacts"/>
  <testcase name="TestCreateUser" time="148.754" classname="com.Idexx.scripts.Contacts"/>
</testsuite> <!-- chromeWindowsLocal -->
