<?xml version="1.0" encoding="UTF-8"?>
<!-- Generated by org.testng.reporters.JUnitXMLReporter -->
<testsuite hostname="WIN-PBVU1D92USF" name="chromeSauceLabs" tests="3" failures="0" timestamp="13 Jan 2016 14:37:40 GMT" time="421.462" errors="0">
  <testcase name="TestLogin" time="47.993" classname="com.Idexx.scripts.Login"/>
  <testcase name="TestCreateNewAccount" time="116.206" classname="com.Idexx.scripts.Accounts"/>
  <testcase name="TestViewExistingAccount" time="48.999" classname="com.Idexx.scripts.Accounts"/>
</testsuite> <!-- chromeSauceLabs -->
