<?xml version="1.0" encoding="UTF-8"?>
<!-- Generated by org.testng.reporters.JUnitXMLReporter -->
<testsuite hostname="WIN-PBVU1D92USF" name="firefoxWindowsLocal" tests="11" failures="0" timestamp="14 Dec 2015 08:16:11 GMT" time="26.617" errors="0">
  <testcase name="@BeforeClass beforeTest" time="0.0" classname="com.Idexx.scripts.Activity">
    <failure type="java.lang.NoClassDefFoundError" message="org/w3c/dom/ElementTraversal">
      <![CDATA[java.lang.NoClassDefFoundError: org/w3c/dom/ElementTraversal
	at java.lang.ClassLoader.defineClass1(Native Method)
	at java.lang.ClassLoader.defineClass(Unknown Source)
	at java.security.SecureClassLoader.defineClass(Unknown Source)
	at java.net.URLClassLoader.defineClass(Unknown Source)
	at java.net.URLClassLoader.access$100(Unknown Source)
	at java.net.URLClassLoader$1.run(Unknown Source)
	at java.net.URLClassLoader$1.run(Unknown Source)
	at java.security.AccessController.doPrivileged(Native Method)
	at java.net.URLClassLoader.findClass(Unknown Source)
	at java.lang.ClassLoader.loadClass(Unknown Source)
	at sun.misc.Launcher$AppClassLoader.loadClass(Unknown Source)
	at java.lang.ClassLoader.loadClass(Unknown Source)
	at org.apache.xerces.parsers.AbstractDOMParser.startDocument(Unknown Source)
	at org.apache.xerces.impl.dtd.XMLDTDValidator.startDocument(Unknown Source)
	at org.apache.xerces.impl.XMLDocumentScannerImpl.startEntity(Unknown Source)
	at org.apache.xerces.impl.XMLVersionDetector.startDocumentParsing(Unknown Source)
	at org.apache.xerces.parsers.XML11Configuration.parse(Unknown Source)
	at org.apache.xerces.parsers.XML11Configuration.parse(Unknown Source)
	at org.apache.xerces.parsers.XMLParser.parse(Unknown Source)
	at org.apache.xerces.parsers.DOMParser.parse(Unknown Source)
	at org.apache.xerces.jaxp.DocumentBuilderImpl.parse(Unknown Source)
	at javax.xml.parsers.DocumentBuilder.parse(Unknown Source)
	at org.openqa.selenium.firefox.internal.FileExtension.readIdFromInstallRdf(FileExtension.java:98)
	at org.openqa.selenium.firefox.internal.FileExtension.writeTo(FileExtension.java:61)
	at org.openqa.selenium.firefox.internal.ClasspathExtension.writeTo(ClasspathExtension.java:64)
	at org.openqa.selenium.firefox.FirefoxProfile.installExtensions(FirefoxProfile.java:441)
	at org.openqa.selenium.firefox.FirefoxProfile.layoutOnDisk(FirefoxProfile.java:419)
	at org.openqa.selenium.firefox.internal.NewProfileExtensionConnection.start(NewProfileExtensionConnection.java:93)
	at org.openqa.selenium.firefox.FirefoxDriver.startClient(FirefoxDriver.java:275)
	at org.openqa.selenium.remote.RemoteWebDriver.<init>(RemoteWebDriver.java:116)
	at org.openqa.selenium.firefox.FirefoxDriver.<init>(FirefoxDriver.java:220)
	at org.openqa.selenium.firefox.FirefoxDriver.<init>(FirefoxDriver.java:215)
	at org.openqa.selenium.firefox.FirefoxDriver.<init>(FirefoxDriver.java:211)
	at org.openqa.selenium.firefox.FirefoxDriver.<init>(FirefoxDriver.java:124)
	at com.automation.accelerators.TestEngineWeb.setWebDriverForLocal(TestEngineWeb.java:217)
	at com.automation.accelerators.TestEngineWeb.beforeTest(TestEngineWeb.java:132)
	at java.util.concurrent.FutureTask.run(Unknown Source)
	at java.util.concurrent.ThreadPoolExecutor.runWorker(Unknown Source)
	at java.util.concurrent.ThreadPoolExecutor$Worker.run(Unknown Source)
	at java.lang.Thread.run(Unknown Source)
Caused by: java.lang.ClassNotFoundException: org.w3c.dom.ElementTraversal
	at java.net.URLClassLoader.findClass(Unknown Source)
	at java.lang.ClassLoader.loadClass(Unknown Source)
	at sun.misc.Launcher$AppClassLoader.loadClass(Unknown Source)
	at java.lang.ClassLoader.loadClass(Unknown Source)
	... 56 more
... Removed 16 stack frames]]>
    </failure>
  </testcase> <!-- @BeforeClass beforeTest -->
  <testcase name="@BeforeClass login" time="0.0" classname="com.Idexx.scripts.Activity">
    <skipped/>
  </testcase> <!-- @BeforeClass login -->
  <testcase name="@BeforeMethod beforeMethod" time="0.0" classname="com.Idexx.scripts.Activity">
    <skipped/>
  </testcase> <!-- @BeforeMethod beforeMethod -->
  <testcase name="@AfterMethod afterMethod" time="0.0" classname="com.Idexx.scripts.Activity">
    <skipped/>
  </testcase> <!-- @AfterMethod afterMethod -->
  <testcase name="@BeforeClass beforeTest" time="0.0" classname="com.Idexx.scripts.HomePageScript">
    <failure type="java.lang.NoClassDefFoundError" message="org/w3c/dom/ElementTraversal">
      <![CDATA[java.lang.NoClassDefFoundError: org/w3c/dom/ElementTraversal
	at java.lang.ClassLoader.defineClass1(Native Method)
	at java.lang.ClassLoader.defineClass(Unknown Source)
	at java.security.SecureClassLoader.defineClass(Unknown Source)
	at java.net.URLClassLoader.defineClass(Unknown Source)
	at java.net.URLClassLoader.access$100(Unknown Source)
	at java.net.URLClassLoader$1.run(Unknown Source)
	at java.net.URLClassLoader$1.run(Unknown Source)
	at java.security.AccessController.doPrivileged(Native Method)
	at java.net.URLClassLoader.findClass(Unknown Source)
	at java.lang.ClassLoader.loadClass(Unknown Source)
	at sun.misc.Launcher$AppClassLoader.loadClass(Unknown Source)
	at java.lang.ClassLoader.loadClass(Unknown Source)
	at org.apache.xerces.parsers.AbstractDOMParser.startDocument(Unknown Source)
	at org.apache.xerces.impl.dtd.XMLDTDValidator.startDocument(Unknown Source)
	at org.apache.xerces.impl.XMLDocumentScannerImpl.startEntity(Unknown Source)
	at org.apache.xerces.impl.XMLVersionDetector.startDocumentParsing(Unknown Source)
	at org.apache.xerces.parsers.XML11Configuration.parse(Unknown Source)
	at org.apache.xerces.parsers.XML11Configuration.parse(Unknown Source)
	at org.apache.xerces.parsers.XMLParser.parse(Unknown Source)
	at org.apache.xerces.parsers.DOMParser.parse(Unknown Source)
	at org.apache.xerces.jaxp.DocumentBuilderImpl.parse(Unknown Source)
	at javax.xml.parsers.DocumentBuilder.parse(Unknown Source)
	at org.openqa.selenium.firefox.internal.FileExtension.readIdFromInstallRdf(FileExtension.java:98)
	at org.openqa.selenium.firefox.internal.FileExtension.writeTo(FileExtension.java:61)
	at org.openqa.selenium.firefox.internal.ClasspathExtension.writeTo(ClasspathExtension.java:64)
	at org.openqa.selenium.firefox.FirefoxProfile.installExtensions(FirefoxProfile.java:441)
	at org.openqa.selenium.firefox.FirefoxProfile.layoutOnDisk(FirefoxProfile.java:419)
	at org.openqa.selenium.firefox.internal.NewProfileExtensionConnection.start(NewProfileExtensionConnection.java:93)
	at org.openqa.selenium.firefox.FirefoxDriver.startClient(FirefoxDriver.java:275)
	at org.openqa.selenium.remote.RemoteWebDriver.<init>(RemoteWebDriver.java:116)
	at org.openqa.selenium.firefox.FirefoxDriver.<init>(FirefoxDriver.java:220)
	at org.openqa.selenium.firefox.FirefoxDriver.<init>(FirefoxDriver.java:215)
	at org.openqa.selenium.firefox.FirefoxDriver.<init>(FirefoxDriver.java:211)
	at org.openqa.selenium.firefox.FirefoxDriver.<init>(FirefoxDriver.java:124)
	at com.automation.accelerators.TestEngineWeb.setWebDriverForLocal(TestEngineWeb.java:217)
	at com.automation.accelerators.TestEngineWeb.beforeTest(TestEngineWeb.java:132)
	at java.util.concurrent.FutureTask.run(Unknown Source)
	at java.util.concurrent.ThreadPoolExecutor.runWorker(Unknown Source)
	at java.util.concurrent.ThreadPoolExecutor$Worker.run(Unknown Source)
	at java.lang.Thread.run(Unknown Source)
Caused by: java.lang.ClassNotFoundException: org.w3c.dom.ElementTraversal
	at java.net.URLClassLoader.findClass(Unknown Source)
	at java.lang.ClassLoader.loadClass(Unknown Source)
	at sun.misc.Launcher$AppClassLoader.loadClass(Unknown Source)
	at java.lang.ClassLoader.loadClass(Unknown Source)
	... 56 more
... Removed 16 stack frames]]>
    </failure>
  </testcase> <!-- @BeforeClass beforeTest -->
  <testcase name="@BeforeClass login" time="0.0" classname="com.Idexx.scripts.HomePageScript">
    <skipped/>
  </testcase> <!-- @BeforeClass login -->
  <testcase name="@BeforeMethod beforeMethod" time="0.0" classname="com.Idexx.scripts.HomePageScript">
    <skipped/>
  </testcase> <!-- @BeforeMethod beforeMethod -->
  <testcase name="@AfterMethod afterMethod" time="0.0" classname="com.Idexx.scripts.HomePageScript">
    <skipped/>
  </testcase> <!-- @AfterMethod afterMethod -->
  <testcase name="@BeforeMethod beforeMethod" time="0.0" classname="com.Idexx.scripts.Activity">
    <skipped/>
  </testcase> <!-- @BeforeMethod beforeMethod -->
  <testcase name="@AfterMethod afterMethod" time="0.0" classname="com.Idexx.scripts.Activity">
    <skipped/>
  </testcase> <!-- @AfterMethod afterMethod -->
  <testcase name="@BeforeMethod beforeMethod" time="0.0" classname="com.Idexx.scripts.HomePageScript">
    <skipped/>
  </testcase> <!-- @BeforeMethod beforeMethod -->
  <testcase name="@AfterMethod afterMethod" time="0.0" classname="com.Idexx.scripts.HomePageScript">
    <skipped/>
  </testcase> <!-- @AfterMethod afterMethod -->
  <testcase name="@BeforeMethod beforeMethod" time="0.0" classname="com.Idexx.scripts.Activity">
    <skipped/>
  </testcase> <!-- @BeforeMethod beforeMethod -->
  <testcase name="@AfterMethod afterMethod" time="0.0" classname="com.Idexx.scripts.Activity">
    <skipped/>
  </testcase> <!-- @AfterMethod afterMethod -->
  <testcase name="@BeforeMethod beforeMethod" time="0.0" classname="com.Idexx.scripts.HomePageScript">
    <skipped/>
  </testcase> <!-- @BeforeMethod beforeMethod -->
  <testcase name="@AfterMethod afterMethod" time="0.0" classname="com.Idexx.scripts.HomePageScript">
    <skipped/>
  </testcase> <!-- @AfterMethod afterMethod -->
  <testcase name="@AfterClass logOut" time="0.0" classname="com.Idexx.scripts.HomePageScript">
    <skipped/>
  </testcase> <!-- @AfterClass logOut -->
  <testcase name="@AfterClass afterTest" time="0.0" classname="com.Idexx.scripts.HomePageScript">
    <failure type="java.lang.NullPointerException">
      <![CDATA[java.lang.NullPointerException
	at com.automation.accelerators.TestEngineWeb.afterTest(TestEngineWeb.java:171)
	at java.util.concurrent.FutureTask.run(Unknown Source)
	at java.util.concurrent.ThreadPoolExecutor.runWorker(Unknown Source)
	at java.util.concurrent.ThreadPoolExecutor$Worker.run(Unknown Source)
	at java.lang.Thread.run(Unknown Source)
... Removed 16 stack frames]]>
    </failure>
  </testcase> <!-- @AfterClass afterTest -->
  <testcase name="@BeforeMethod beforeMethod" time="0.0" classname="com.Idexx.scripts.Activity">
    <skipped/>
  </testcase> <!-- @BeforeMethod beforeMethod -->
  <testcase name="@AfterMethod afterMethod" time="0.0" classname="com.Idexx.scripts.Activity">
    <skipped/>
  </testcase> <!-- @AfterMethod afterMethod -->
  <testcase name="@BeforeMethod beforeMethod" time="0.0" classname="com.Idexx.scripts.Activity">
    <skipped/>
  </testcase> <!-- @BeforeMethod beforeMethod -->
  <testcase name="@AfterMethod afterMethod" time="0.0" classname="com.Idexx.scripts.Activity">
    <skipped/>
  </testcase> <!-- @AfterMethod afterMethod -->
  <testcase name="@BeforeMethod beforeMethod" time="0.0" classname="com.Idexx.scripts.Activity">
    <skipped/>
  </testcase> <!-- @BeforeMethod beforeMethod -->
  <testcase name="@AfterMethod afterMethod" time="0.0" classname="com.Idexx.scripts.Activity">
    <skipped/>
  </testcase> <!-- @AfterMethod afterMethod -->
  <testcase name="@BeforeMethod beforeMethod" time="0.0" classname="com.Idexx.scripts.Activity">
    <skipped/>
  </testcase> <!-- @BeforeMethod beforeMethod -->
  <testcase name="@AfterMethod afterMethod" time="0.0" classname="com.Idexx.scripts.Activity">
    <skipped/>
  </testcase> <!-- @AfterMethod afterMethod -->
  <testcase name="@BeforeMethod beforeMethod" time="0.0" classname="com.Idexx.scripts.Activity">
    <skipped/>
  </testcase> <!-- @BeforeMethod beforeMethod -->
  <testcase name="@AfterMethod afterMethod" time="0.0" classname="com.Idexx.scripts.Activity">
    <skipped/>
  </testcase> <!-- @AfterMethod afterMethod -->
  <testcase name="@AfterClass logOut" time="0.0" classname="com.Idexx.scripts.Activity">
    <skipped/>
  </testcase> <!-- @AfterClass logOut -->
  <testcase name="@AfterClass afterTest" time="0.0" classname="com.Idexx.scripts.Activity">
    <failure type="java.lang.NullPointerException">
      <![CDATA[java.lang.NullPointerException
	at com.automation.accelerators.TestEngineWeb.afterTest(TestEngineWeb.java:171)
	at java.util.concurrent.FutureTask.run(Unknown Source)
	at java.util.concurrent.ThreadPoolExecutor.runWorker(Unknown Source)
	at java.util.concurrent.ThreadPoolExecutor$Worker.run(Unknown Source)
	at java.lang.Thread.run(Unknown Source)
... Removed 16 stack frames]]>
    </failure>
  </testcase> <!-- @AfterClass afterTest -->
  <testcase name="CreateSalesandSupportTask" time="0.004" classname="com.Idexx.scripts.Activity">
    <skipped/>
  </testcase> <!-- CreateSalesandSupportTask -->
  <testcase name="TestCustomize_AddTab" time="0.0" classname="com.Idexx.scripts.HomePageScript">
    <skipped/>
  </testcase> <!-- TestCustomize_AddTab -->
  <testcase name="CreateSalesandSupportTaskOpportunity" time="0.0" classname="com.Idexx.scripts.Activity">
    <skipped/>
  </testcase> <!-- CreateSalesandSupportTaskOpportunity -->
  <testcase name="TestCustomize_RemoveTab" time="0.0" classname="com.Idexx.scripts.HomePageScript">
    <skipped/>
  </testcase> <!-- TestCustomize_RemoveTab -->
  <testcase name="CreateSalesandSupportTaskContact" time="0.0" classname="com.Idexx.scripts.Activity">
    <skipped/>
  </testcase> <!-- CreateSalesandSupportTaskContact -->
  <testcase name="TestVerifyMyTaskAndCalenderSection" time="0.0" classname="com.Idexx.scripts.HomePageScript">
    <skipped/>
  </testcase> <!-- TestVerifyMyTaskAndCalenderSection -->
  <testcase name="CreateSalesandSupportTaskMultipleContact" time="0.0" classname="com.Idexx.scripts.Activity">
    <skipped/>
  </testcase> <!-- CreateSalesandSupportTaskMultipleContact -->
  <testcase name="CreateActivityFromAccounts" time="0.0" classname="com.Idexx.scripts.Activity">
    <skipped/>
  </testcase> <!-- CreateActivityFromAccounts -->
  <testcase name="CreateActivityFromOpportunity" time="0.0" classname="com.Idexx.scripts.Activity">
    <skipped/>
  </testcase> <!-- CreateActivityFromOpportunity -->
  <testcase name="CreateActivityFromContact" time="0.0" classname="com.Idexx.scripts.Activity">
    <skipped/>
  </testcase> <!-- CreateActivityFromContact -->
  <testcase name="DifferentiationBetweenActivityAndTask" time="0.0" classname="com.Idexx.scripts.Activity">
    <skipped/>
  </testcase> <!-- DifferentiationBetweenActivityAndTask -->
</testsuite> <!-- firefoxWindowsLocal -->
