<?xml version="1.0" encoding="UTF-8"?>
<!-- Generated by org.testng.reporters.JUnitXMLReporter -->
<testsuite hostname="HW1386" name="CHROME on WINDOWS SAUCELABS" tests="2" failures="0" timestamp="9 Sep 2015 15:13:14 GMT" time="916.651" errors="0">
  <testcase name="VerifyShiptoDropdownValues" time="407.108" classname="com.pamperedchef.scripts.VerifyShiptoDropdown"/>
  <testcase name="VerifyShiptoDropdownValues" time="351.901" classname="com.pamperedchef.scripts.VerifyShiptoDropdown"/>
</testsuite> <!-- CHROME on WINDOWS SAUCELABS -->
