<?xml version="1.0" encoding="UTF-8"?>
<!-- Generated by org.testng.reporters.JUnitXMLReporter -->
<testsuite hostname="HW1386" name="FIREFOX MAC SAUCELABS" tests="2" failures="0" timestamp="9 Sep 2015 15:14:41 GMT" time="1003.714" errors="0">
  <testcase name="VerifyShiptoDropdownValues" time="398.679" classname="com.pamperedchef.scripts.VerifyShiptoDropdown"/>
  <testcase name="VerifyShiptoDropdownValues" time="359.369" classname="com.pamperedchef.scripts.VerifyShiptoDropdown"/>
</testsuite> <!-- FIREFOX MAC SAUCELABS -->
