<?xml version="1.0" encoding="UTF-8"?>
<!-- Generated by org.testng.reporters.JUnitXMLReporter -->
<testsuite hostname="HW1386" name="SAFARI MAC SAUCELABS" tests="2" failures="0" timestamp="9 Sep 2015 15:13:34 GMT" time="935.761" errors="0">
  <testcase name="VerifyShiptoDropdownValues" time="350.951" classname="com.pamperedchef.scripts.VerifyShiptoDropdown"/>
  <testcase name="VerifyShiptoDropdownValues" time="339.53" classname="com.pamperedchef.scripts.VerifyShiptoDropdown"/>
</testsuite> <!-- SAFARI MAC SAUCELABS -->
