<?xml version="1.0" encoding="UTF-8"?>
<!-- Generated by org.testng.reporters.JUnitXMLReporter -->
<testsuite hostname="HW1386" name=" SAFARI on WINDOWS SAUCELABS" tests="2" failures="0" timestamp="9 Sep 2015 15:07:47 GMT" time="589.25" errors="0">
  <testcase name="VerifyShiptoDropdownValues" time="186.556" classname="com.pamperedchef.scripts.VerifyShiptoDropdown"/>
  <testcase name="VerifyShiptoDropdownValues" time="157.039" classname="com.pamperedchef.scripts.VerifyShiptoDropdown"/>
</testsuite> <!--  SAFARI on WINDOWS SAUCELABS -->
