<?xml version="1.0" encoding="UTF-8"?>
<testsuite name="TestSuite" time="25.53" tests="369" errors="0" skipped="368" failures="1">
  <properties>
[...]
</properties>
  <testcase name="login" classname="com.SalesForce.scripts.Contacts" time="25.53">
    <failure message="&#10;Parameter &apos;userrole&apos; is required by @Configuration on method login but has not been marked @Optional or defined&#10;in C:\Softwares\Idex_frameworks_original\IdexxFrameWork\testng.xml" type="org.testng.TestNGException">org.testng.TestNGException: 
Parameter 'userrole' is required by @Configuration on method login but has not been marked @Optional or defined
in C:\Softwares\Idex_frameworks_original\IdexxFrameWork\testng.xml
	at org.testng.internal.Parameters.createParameters(Parameters.java:148)
	at org.testng.internal.Parameters.createParameters(Parameters.java:361)
	at org.testng.internal.Parameters.createConfigurationParameters(Parameters.java:84)
	at org.testng.internal.Invoker.invokeConfigurations(Invoker.java:197)
	at org.testng.internal.Invoker.invokeMethod(Invoker.java:585)
	at org.testng.internal.Invoker.invokeTestMethod(Invoker.java:821)
	at org.testng.internal.Invoker.invokeTestMethods(Invoker.java:1131)
	at org.testng.internal.TestMethodWorker.invokeTestMethods(TestMethodWorker.java:124)
	at org.testng.internal.TestMethodWorker.run(TestMethodWorker.java:108)
	at org.testng.TestRunner.privateRun(TestRunner.java:773)
	at org.testng.TestRunner.run(TestRunner.java:623)
	at org.testng.SuiteRunner.runTest(SuiteRunner.java:357)
	at org.testng.SuiteRunner.access$000(SuiteRunner.java:39)
	at org.testng.SuiteRunner$SuiteWorker.run(SuiteRunner.java:391)
	at org.testng.internal.thread.ThreadUtil$2.call(ThreadUtil.java:64)
	at java.util.concurrent.FutureTask.run(FutureTask.java:266)
	at java.util.concurrent.ThreadPoolExecutor.runWorker(ThreadPoolExecutor.java:1142)
	at java.util.concurrent.ThreadPoolExecutor$Worker.run(ThreadPoolExecutor.java:617)
	at java.lang.Thread.run(Thread.java:745)
</failure>
    <system-out><![CDATA[Path is  ****    C:\Softwares\Idex_frameworks_original\IdexxFrameWork/TestData/TestData.xlsx
Path is  ****    C:\Softwares\Idex_frameworks_original\IdexxFrameWork/TestData/CreateUserTestData.xlsx
Suite time ==============>12_May_2017_12_44_16_087
INFO : fileName = resources/gallopReporter.properties
INFO : key = clientName
INFO : fileName = resources/gallopReporter.properties
INFO : key = deviceName
INFO : fileName = resources/gallopReporter.properties
INFO : key = iterationMode
INFO : fileName = resources/gallopReporter.properties
INFO : key = suiteName
INFO : fileName = resources/gallopReporter.properties
INFO : key = onErrorAction
INFO : fileName = resources/gallopReporter.properties
INFO : key = singleThreadExecution
INFO : fileName = resources/gallopReporter.properties
INFO : key = AUT
INFO : fileName = resources/gallopReporter.properties
INFO : key = baseUrl
INFO : fileName = resources/gallopReporter.properties
INFO : key = baseUrl2
INFO : fileName = resources/gallopReporter.properties
INFO : key = Waittime
INFO : fileName = resources/gallopReporter.properties
INFO : key = browserName
INFO : fileName = resources/gallopReporter.properties
INFO : key = version
INFO : fileName = resources/gallopReporter.properties
INFO : key = platform
INFO : fileName = resources/gallopReporter.properties
INFO : key = reportFormat
INFO : fileName = resources/gallopReporter.properties
INFO : key = locationResult
INFO : fileName = resources/gallopReporter.properties
INFO : key = folderScreenShot
INFO : fileName = resources/gallopReporter.properties
INFO : key = locationClientLogo
INFO : fileName = resources/gallopReporter.properties
INFO : key = locationCompanyLogo
INFO : fileName = resources/gallopReporter.properties
INFO : key = locationFailedLogo
INFO : fileName = resources/gallopReporter.properties
INFO : key = locationMinusLogo
INFO : fileName = resources/gallopReporter.properties
INFO : key = locationPassedLogo
INFO : fileName = resources/gallopReporter.properties
INFO : key = locationPlusLogo
INFO : fileName = resources/gallopReporter.properties
INFO : key = locationWarningLogo
INFO : fileName = resources/gallopReporter.properties
INFO : key = onSuccessScreenshot
INFO : fileName = resources/gallopReporter.properties
INFO : key = userName
INFO : fileName = resources/gallopReporter.properties
INFO : key = accessKey
INFO : fileName = resources/gallopReporter.properties
INFO : key = cloudImplicitWait
INFO : fileName = resources/gallopReporter.properties
INFO : key = cloudPageLoadTimeOut
INFO : fileName = resources/gallopReporter.properties
INFO : key = locationCssFolder
INFO : fileName = resources/gallopReporter.properties
INFO : key = locationJsFolder
INFO : fileName = resources/gallopReporter.properties
INFO : key = locationImagesFolder
local
iam in case Chrome
INFO : New BrowserContext Instance Was Created And Placed In Map : BrowserContext.mapBrowserContext
INFO : <BrowserContext><Name> chrome</Name><Version> windows 7</Version><Platform>local</Platform></BrowserContext>
INFO : BrowserContext Info Being returned: <BrowserContext><Name> chrome</Name><Version> windows 7</Version><Platform>local</Platform></BrowserContext>
INFO : <BrowserContext><Name> chrome</Name><Version> windows 7</Version><Platform>local</Platform></BrowserContext>
INFO : BrowserContext Info Being returned: <BrowserContext><Name> chrome</Name><Version> windows 7</Version><Platform>local</Platform></BrowserContext>
INFO : resultDir = results\CHROME-windows 7-local
INFO : instance member browserContext was set to : 
INFO : <BrowserContext><Name> chrome</Name><Version> windows 7</Version><Platform>local</Platform></BrowserContext>
INFO : <BrowserContext><Name> chrome</Name><Version> windows 7</Version><Platform>local</Platform></BrowserContext>
<BrowserContext><Name> chrome</Name><Version> windows 7</Version><Platform>local</Platform></BrowserContext>
INFO : Instance Of CReporter Created
INFO : reporter was placed into CReporter.mapBrowserContextReporter
Path is  ****    C:\Softwares\Idex_frameworks_original\IdexxFrameWork\TestData\LoginData.xlsx
Path is  ****    C:\Softwares\Idex_frameworks_original\IdexxFrameWork/TestData/LoginData.xlsx
******getData*******: TestViewAllContacts
Test Starts from row -> 1
Total cols in test -> 2
Total rows in test -> 1
Y - 1290_gallop - 
INFO : resultDir = results\CHROME-windows 7-local
]]></system-out>
    <system-err><![CDATA[log4j:WARN No such property [datePattern] in org.apache.log4j.FileAppender.
Starting ChromeDriver 2.29.461591 (62ebf098771772160f391d75e589dc567915b233) on port 34236
Only local connections are allowed.
]]></system-err>
  </testcase>
  <testcase name="login" classname="com.SalesForce.scripts.Contacts" time="0">
    <skipped/>
  </testcase>
  <testcase name="login" classname="com.SalesForce.scripts.Contacts" time="0">
    <skipped/>
  </testcase>
  <testcase name="login" classname="com.SalesForce.scripts.Contacts" time="0">
    <skipped/>
  </testcase>
  <testcase name="login" classname="com.SalesForce.scripts.Contacts" time="0">
    <skipped/>
  </testcase>
  <testcase name="login" classname="com.SalesForce.scripts.Contacts" time="0">
    <skipped/>
  </testcase>
  <testcase name="login" classname="com.SalesForce.scripts.Contacts" time="0">
    <skipped/>
  </testcase>
  <testcase name="login" classname="com.SalesForce.scripts.Contacts" time="0">
    <skipped/>
  </testcase>
  <testcase name="login" classname="com.SalesForce.scripts.Contacts" time="0">
    <skipped/>
  </testcase>
  <testcase name="login" classname="com.SalesForce.scripts.Contacts" time="0">
    <skipped/>
  </testcase>
  <testcase name="login" classname="com.SalesForce.scripts.Contacts" time="0">
    <skipped/>
  </testcase>
  <testcase name="login" classname="com.SalesForce.scripts.Contacts" time="0">
    <skipped/>
  </testcase>
  <testcase name="login" classname="com.SalesForce.scripts.Contacts" time="0">
    <skipped/>
  </testcase>
  <testcase name="login" classname="com.SalesForce.scripts.Contacts" time="0">
    <skipped/>
  </testcase>
  <testcase name="login" classname="com.SalesForce.scripts.Contacts" time="0">
    <skipped/>
  </testcase>
  <testcase name="login" classname="com.SalesForce.scripts.Contacts" time="0">
    <skipped/>
  </testcase>
  <testcase name="login" classname="com.SalesForce.scripts.Contacts" time="0">
    <skipped/>
  </testcase>
  <testcase name="login" classname="com.SalesForce.scripts.Contacts" time="0">
    <skipped/>
  </testcase>
  <testcase name="login" classname="com.SalesForce.scripts.Contacts" time="0">
    <skipped/>
  </testcase>
  <testcase name="login" classname="com.SalesForce.scripts.Contacts" time="0">
    <skipped/>
  </testcase>
  <testcase name="login" classname="com.SalesForce.scripts.Contacts" time="0">
    <skipped/>
  </testcase>
  <testcase name="login" classname="com.SalesForce.scripts.Contacts" time="0">
    <skipped/>
  </testcase>
  <testcase name="login" classname="com.SalesForce.scripts.Contacts" time="0">
    <skipped/>
  </testcase>
  <testcase name="login" classname="com.SalesForce.scripts.Contacts" time="0">
    <skipped/>
  </testcase>
  <testcase name="login" classname="com.SalesForce.scripts.Contacts" time="0">
    <skipped/>
  </testcase>
  <testcase name="login" classname="com.SalesForce.scripts.Contacts" time="0">
    <skipped/>
  </testcase>
  <testcase name="login" classname="com.SalesForce.scripts.Contacts" time="0">
    <skipped/>
  </testcase>
  <testcase name="login" classname="com.SalesForce.scripts.Contacts" time="0">
    <skipped/>
  </testcase>
  <testcase name="login" classname="com.SalesForce.scripts.Contacts" time="0">
    <skipped/>
  </testcase>
  <testcase name="login" classname="com.SalesForce.scripts.Contacts" time="0">
    <skipped/>
  </testcase>
  <testcase name="login" classname="com.SalesForce.scripts.Contacts" time="0">
    <skipped/>
  </testcase>
  <testcase name="login" classname="com.SalesForce.scripts.Contacts" time="0">
    <skipped/>
  </testcase>
  <testcase name="login" classname="com.SalesForce.scripts.Contacts" time="0">
    <skipped/>
  </testcase>
  <testcase name="login" classname="com.SalesForce.scripts.Contacts" time="0">
    <skipped/>
  </testcase>
  <testcase name="login" classname="com.SalesForce.scripts.Contacts" time="0">
    <skipped/>
  </testcase>
  <testcase name="login" classname="com.SalesForce.scripts.Contacts" time="0">
    <skipped/>
  </testcase>
  <testcase name="login" classname="com.SalesForce.scripts.Contacts" time="0">
    <skipped/>
  </testcase>
  <testcase name="login" classname="com.SalesForce.scripts.Contacts" time="0">
    <skipped/>
  </testcase>
  <testcase name="login" classname="com.SalesForce.scripts.Contacts" time="0">
    <skipped/>
  </testcase>
  <testcase name="login" classname="com.SalesForce.scripts.Contacts" time="0">
    <skipped/>
  </testcase>
  <testcase name="login" classname="com.SalesForce.scripts.Contacts" time="0">
    <skipped/>
  </testcase>
  <testcase name="login" classname="com.SalesForce.scripts.Contacts" time="0">
    <skipped/>
  </testcase>
  <testcase name="login" classname="com.SalesForce.scripts.Contacts" time="0">
    <skipped/>
  </testcase>
  <testcase name="login" classname="com.SalesForce.scripts.Contacts" time="0">
    <skipped/>
  </testcase>
  <testcase name="login" classname="com.SalesForce.scripts.Contacts" time="0">
    <skipped/>
  </testcase>
  <testcase name="login" classname="com.SalesForce.scripts.Contacts" time="0">
    <skipped/>
  </testcase>
  <testcase name="login" classname="com.SalesForce.scripts.Contacts" time="0">
    <skipped/>
  </testcase>
  <testcase name="login" classname="com.SalesForce.scripts.Contacts" time="0">
    <skipped/>
  </testcase>
  <testcase name="login" classname="com.SalesForce.scripts.Contacts" time="0">
    <skipped/>
  </testcase>
  <testcase name="login" classname="com.SalesForce.scripts.Contacts" time="0">
    <skipped/>
  </testcase>
  <testcase name="login" classname="com.SalesForce.scripts.Contacts" time="0">
    <skipped/>
  </testcase>
  <testcase name="login" classname="com.SalesForce.scripts.Contacts" time="0">
    <skipped/>
  </testcase>
  <testcase name="login" classname="com.SalesForce.scripts.Contacts" time="0">
    <skipped/>
  </testcase>
  <testcase name="login" classname="com.SalesForce.scripts.Contacts" time="0">
    <skipped/>
  </testcase>
  <testcase name="login" classname="com.SalesForce.scripts.Contacts" time="0">
    <skipped/>
  </testcase>
  <testcase name="login" classname="com.SalesForce.scripts.Contacts" time="0">
    <skipped/>
  </testcase>
  <testcase name="login" classname="com.SalesForce.scripts.Contacts" time="0">
    <skipped/>
  </testcase>
  <testcase name="login" classname="com.SalesForce.scripts.Contacts" time="0">
    <skipped/>
  </testcase>
  <testcase name="login" classname="com.SalesForce.scripts.Contacts" time="0">
    <skipped/>
  </testcase>
  <testcase name="login" classname="com.SalesForce.scripts.Contacts" time="0">
    <skipped/>
  </testcase>
  <testcase name="login" classname="com.SalesForce.scripts.Contacts" time="0">
    <skipped/>
  </testcase>
  <testcase name="login" classname="com.SalesForce.scripts.Contacts" time="0">
    <skipped/>
  </testcase>
  <testcase name="login" classname="com.SalesForce.scripts.Contacts" time="0">
    <skipped/>
  </testcase>
  <testcase name="login" classname="com.SalesForce.scripts.Contacts" time="0">
    <skipped/>
  </testcase>
  <testcase name="login" classname="com.SalesForce.scripts.Contacts" time="0">
    <skipped/>
  </testcase>
  <testcase name="login" classname="com.SalesForce.scripts.Contacts" time="0">
    <skipped/>
  </testcase>
  <testcase name="login" classname="com.SalesForce.scripts.Contacts" time="0">
    <skipped/>
  </testcase>
  <testcase name="login" classname="com.SalesForce.scripts.Contacts" time="0">
    <skipped/>
  </testcase>
  <testcase name="login" classname="com.SalesForce.scripts.Contacts" time="0">
    <skipped/>
  </testcase>
  <testcase name="login" classname="com.SalesForce.scripts.Contacts" time="0">
    <skipped/>
  </testcase>
  <testcase name="login" classname="com.SalesForce.scripts.Contacts" time="0">
    <skipped/>
  </testcase>
  <testcase name="login" classname="com.SalesForce.scripts.Contacts" time="0">
    <skipped/>
  </testcase>
  <testcase name="login" classname="com.SalesForce.scripts.Contacts" time="0">
    <skipped/>
  </testcase>
  <testcase name="login" classname="com.SalesForce.scripts.Contacts" time="0">
    <skipped/>
  </testcase>
  <testcase name="TestViewAllContacts" classname="com.SalesForce.scripts.Contacts" time="0">
    <skipped/>
  </testcase>
  <testcase name="logout" classname="com.SalesForce.scripts.Contacts" time="0">
    <skipped/>
  </testcase>
  <testcase name="logout" classname="com.SalesForce.scripts.Contacts" time="0">
    <skipped/>
  </testcase>
  <testcase name="logout" classname="com.SalesForce.scripts.Contacts" time="0">
    <skipped/>
  </testcase>
  <testcase name="logout" classname="com.SalesForce.scripts.Contacts" time="0">
    <skipped/>
  </testcase>
  <testcase name="logout" classname="com.SalesForce.scripts.Contacts" time="0">
    <skipped/>
  </testcase>
  <testcase name="logout" classname="com.SalesForce.scripts.Contacts" time="0">
    <skipped/>
  </testcase>
  <testcase name="logout" classname="com.SalesForce.scripts.Contacts" time="0">
    <skipped/>
  </testcase>
  <testcase name="logout" classname="com.SalesForce.scripts.Contacts" time="0">
    <skipped/>
  </testcase>
  <testcase name="logout" classname="com.SalesForce.scripts.Contacts" time="0">
    <skipped/>
  </testcase>
  <testcase name="logout" classname="com.SalesForce.scripts.Contacts" time="0">
    <skipped/>
  </testcase>
  <testcase name="logout" classname="com.SalesForce.scripts.Contacts" time="0">
    <skipped/>
  </testcase>
  <testcase name="logout" classname="com.SalesForce.scripts.Contacts" time="0">
    <skipped/>
  </testcase>
  <testcase name="logout" classname="com.SalesForce.scripts.Contacts" time="0">
    <skipped/>
  </testcase>
  <testcase name="logout" classname="com.SalesForce.scripts.Contacts" time="0">
    <skipped/>
  </testcase>
  <testcase name="logout" classname="com.SalesForce.scripts.Contacts" time="0">
    <skipped/>
  </testcase>
  <testcase name="logout" classname="com.SalesForce.scripts.Contacts" time="0">
    <skipped/>
  </testcase>
  <testcase name="logout" classname="com.SalesForce.scripts.Contacts" time="0">
    <skipped/>
  </testcase>
  <testcase name="logout" classname="com.SalesForce.scripts.Contacts" time="0">
    <skipped/>
  </testcase>
  <testcase name="logout" classname="com.SalesForce.scripts.Contacts" time="0">
    <skipped/>
  </testcase>
  <testcase name="logout" classname="com.SalesForce.scripts.Contacts" time="0">
    <skipped/>
  </testcase>
  <testcase name="logout" classname="com.SalesForce.scripts.Contacts" time="0">
    <skipped/>
  </testcase>
  <testcase name="logout" classname="com.SalesForce.scripts.Contacts" time="0">
    <skipped/>
  </testcase>
  <testcase name="logout" classname="com.SalesForce.scripts.Contacts" time="0">
    <skipped/>
  </testcase>
  <testcase name="logout" classname="com.SalesForce.scripts.Contacts" time="0">
    <skipped/>
  </testcase>
  <testcase name="logout" classname="com.SalesForce.scripts.Contacts" time="0">
    <skipped/>
  </testcase>
  <testcase name="logout" classname="com.SalesForce.scripts.Contacts" time="0">
    <skipped/>
  </testcase>
  <testcase name="logout" classname="com.SalesForce.scripts.Contacts" time="0">
    <skipped/>
  </testcase>
  <testcase name="logout" classname="com.SalesForce.scripts.Contacts" time="0">
    <skipped/>
  </testcase>
  <testcase name="logout" classname="com.SalesForce.scripts.Contacts" time="0">
    <skipped/>
  </testcase>
  <testcase name="logout" classname="com.SalesForce.scripts.Contacts" time="0">
    <skipped/>
  </testcase>
  <testcase name="logout" classname="com.SalesForce.scripts.Contacts" time="0">
    <skipped/>
  </testcase>
  <testcase name="logout" classname="com.SalesForce.scripts.Contacts" time="0">
    <skipped/>
  </testcase>
  <testcase name="logout" classname="com.SalesForce.scripts.Contacts" time="0">
    <skipped/>
  </testcase>
  <testcase name="logout" classname="com.SalesForce.scripts.Contacts" time="0">
    <skipped/>
  </testcase>
  <testcase name="logout" classname="com.SalesForce.scripts.Contacts" time="0">
    <skipped/>
  </testcase>
  <testcase name="logout" classname="com.SalesForce.scripts.Contacts" time="0">
    <skipped/>
  </testcase>
  <testcase name="logout" classname="com.SalesForce.scripts.Contacts" time="0">
    <skipped/>
  </testcase>
  <testcase name="logout" classname="com.SalesForce.scripts.Contacts" time="0">
    <skipped/>
  </testcase>
  <testcase name="logout" classname="com.SalesForce.scripts.Contacts" time="0">
    <skipped/>
  </testcase>
  <testcase name="logout" classname="com.SalesForce.scripts.Contacts" time="0">
    <skipped/>
  </testcase>
  <testcase name="logout" classname="com.SalesForce.scripts.Contacts" time="0">
    <skipped/>
  </testcase>
  <testcase name="logout" classname="com.SalesForce.scripts.Contacts" time="0">
    <skipped/>
  </testcase>
  <testcase name="logout" classname="com.SalesForce.scripts.Contacts" time="0">
    <skipped/>
  </testcase>
  <testcase name="logout" classname="com.SalesForce.scripts.Contacts" time="0">
    <skipped/>
  </testcase>
  <testcase name="logout" classname="com.SalesForce.scripts.Contacts" time="0">
    <skipped/>
  </testcase>
  <testcase name="logout" classname="com.SalesForce.scripts.Contacts" time="0">
    <skipped/>
  </testcase>
  <testcase name="logout" classname="com.SalesForce.scripts.Contacts" time="0">
    <skipped/>
  </testcase>
  <testcase name="logout" classname="com.SalesForce.scripts.Contacts" time="0">
    <skipped/>
  </testcase>
  <testcase name="logout" classname="com.SalesForce.scripts.Contacts" time="0">
    <skipped/>
  </testcase>
  <testcase name="logout" classname="com.SalesForce.scripts.Contacts" time="0">
    <skipped/>
  </testcase>
  <testcase name="logout" classname="com.SalesForce.scripts.Contacts" time="0">
    <skipped/>
  </testcase>
  <testcase name="logout" classname="com.SalesForce.scripts.Contacts" time="0">
    <skipped/>
  </testcase>
  <testcase name="logout" classname="com.SalesForce.scripts.Contacts" time="0">
    <skipped/>
  </testcase>
  <testcase name="logout" classname="com.SalesForce.scripts.Contacts" time="0">
    <skipped/>
  </testcase>
  <testcase name="logout" classname="com.SalesForce.scripts.Contacts" time="0">
    <skipped/>
  </testcase>
  <testcase name="logout" classname="com.SalesForce.scripts.Contacts" time="0">
    <skipped/>
  </testcase>
  <testcase name="logout" classname="com.SalesForce.scripts.Contacts" time="0">
    <skipped/>
  </testcase>
  <testcase name="logout" classname="com.SalesForce.scripts.Contacts" time="0">
    <skipped/>
  </testcase>
  <testcase name="logout" classname="com.SalesForce.scripts.Contacts" time="0">
    <skipped/>
  </testcase>
  <testcase name="logout" classname="com.SalesForce.scripts.Contacts" time="0">
    <skipped/>
  </testcase>
  <testcase name="logout" classname="com.SalesForce.scripts.Contacts" time="0">
    <skipped/>
  </testcase>
  <testcase name="logout" classname="com.SalesForce.scripts.Contacts" time="0">
    <skipped/>
  </testcase>
  <testcase name="logout" classname="com.SalesForce.scripts.Contacts" time="0">
    <skipped/>
  </testcase>
  <testcase name="logout" classname="com.SalesForce.scripts.Contacts" time="0">
    <skipped/>
  </testcase>
  <testcase name="logout" classname="com.SalesForce.scripts.Contacts" time="0">
    <skipped/>
  </testcase>
  <testcase name="logout" classname="com.SalesForce.scripts.Contacts" time="0">
    <skipped/>
  </testcase>
  <testcase name="logout" classname="com.SalesForce.scripts.Contacts" time="0">
    <skipped/>
  </testcase>
  <testcase name="logout" classname="com.SalesForce.scripts.Contacts" time="0">
    <skipped/>
  </testcase>
  <testcase name="logout" classname="com.SalesForce.scripts.Contacts" time="0">
    <skipped/>
  </testcase>
  <testcase name="logout" classname="com.SalesForce.scripts.Contacts" time="0">
    <skipped/>
  </testcase>
  <testcase name="logout" classname="com.SalesForce.scripts.Contacts" time="0">
    <skipped/>
  </testcase>
  <testcase name="logout" classname="com.SalesForce.scripts.Contacts" time="0">
    <skipped/>
  </testcase>
  <testcase name="logout" classname="com.SalesForce.scripts.Contacts" time="0">
    <skipped/>
  </testcase>
  <testcase name="logout" classname="com.SalesForce.scripts.Contacts" time="0">
    <skipped/>
  </testcase>
  <testcase name="afterMethod" classname="com.SalesForce.scripts.Contacts" time="0">
    <skipped/>
  </testcase>
  <testcase name="afterMethod" classname="com.SalesForce.scripts.Contacts" time="0">
    <skipped/>
  </testcase>
  <testcase name="afterMethod" classname="com.SalesForce.scripts.Contacts" time="0">
    <skipped/>
  </testcase>
  <testcase name="afterMethod" classname="com.SalesForce.scripts.Contacts" time="0">
    <skipped/>
  </testcase>
  <testcase name="afterMethod" classname="com.SalesForce.scripts.Contacts" time="0">
    <skipped/>
  </testcase>
  <testcase name="afterMethod" classname="com.SalesForce.scripts.Contacts" time="0">
    <skipped/>
  </testcase>
  <testcase name="afterMethod" classname="com.SalesForce.scripts.Contacts" time="0">
    <skipped/>
  </testcase>
  <testcase name="afterMethod" classname="com.SalesForce.scripts.Contacts" time="0">
    <skipped/>
  </testcase>
  <testcase name="afterMethod" classname="com.SalesForce.scripts.Contacts" time="0">
    <skipped/>
  </testcase>
  <testcase name="afterMethod" classname="com.SalesForce.scripts.Contacts" time="0">
    <skipped/>
  </testcase>
  <testcase name="afterMethod" classname="com.SalesForce.scripts.Contacts" time="0">
    <skipped/>
  </testcase>
  <testcase name="afterMethod" classname="com.SalesForce.scripts.Contacts" time="0">
    <skipped/>
  </testcase>
  <testcase name="afterMethod" classname="com.SalesForce.scripts.Contacts" time="0">
    <skipped/>
  </testcase>
  <testcase name="afterMethod" classname="com.SalesForce.scripts.Contacts" time="0">
    <skipped/>
  </testcase>
  <testcase name="afterMethod" classname="com.SalesForce.scripts.Contacts" time="0">
    <skipped/>
  </testcase>
  <testcase name="afterMethod" classname="com.SalesForce.scripts.Contacts" time="0">
    <skipped/>
  </testcase>
  <testcase name="afterMethod" classname="com.SalesForce.scripts.Contacts" time="0">
    <skipped/>
  </testcase>
  <testcase name="afterMethod" classname="com.SalesForce.scripts.Contacts" time="0">
    <skipped/>
  </testcase>
  <testcase name="afterMethod" classname="com.SalesForce.scripts.Contacts" time="0">
    <skipped/>
  </testcase>
  <testcase name="afterMethod" classname="com.SalesForce.scripts.Contacts" time="0">
    <skipped/>
  </testcase>
  <testcase name="afterMethod" classname="com.SalesForce.scripts.Contacts" time="0">
    <skipped/>
  </testcase>
  <testcase name="afterMethod" classname="com.SalesForce.scripts.Contacts" time="0">
    <skipped/>
  </testcase>
  <testcase name="afterMethod" classname="com.SalesForce.scripts.Contacts" time="0">
    <skipped/>
  </testcase>
  <testcase name="afterMethod" classname="com.SalesForce.scripts.Contacts" time="0">
    <skipped/>
  </testcase>
  <testcase name="afterMethod" classname="com.SalesForce.scripts.Contacts" time="0">
    <skipped/>
  </testcase>
  <testcase name="afterMethod" classname="com.SalesForce.scripts.Contacts" time="0">
    <skipped/>
  </testcase>
  <testcase name="afterMethod" classname="com.SalesForce.scripts.Contacts" time="0">
    <skipped/>
  </testcase>
  <testcase name="afterMethod" classname="com.SalesForce.scripts.Contacts" time="0">
    <skipped/>
  </testcase>
  <testcase name="afterMethod" classname="com.SalesForce.scripts.Contacts" time="0">
    <skipped/>
  </testcase>
  <testcase name="afterMethod" classname="com.SalesForce.scripts.Contacts" time="0">
    <skipped/>
  </testcase>
  <testcase name="afterMethod" classname="com.SalesForce.scripts.Contacts" time="0">
    <skipped/>
  </testcase>
  <testcase name="afterMethod" classname="com.SalesForce.scripts.Contacts" time="0">
    <skipped/>
  </testcase>
  <testcase name="afterMethod" classname="com.SalesForce.scripts.Contacts" time="0">
    <skipped/>
  </testcase>
  <testcase name="afterMethod" classname="com.SalesForce.scripts.Contacts" time="0">
    <skipped/>
  </testcase>
  <testcase name="afterMethod" classname="com.SalesForce.scripts.Contacts" time="0">
    <skipped/>
  </testcase>
  <testcase name="afterMethod" classname="com.SalesForce.scripts.Contacts" time="0">
    <skipped/>
  </testcase>
  <testcase name="afterMethod" classname="com.SalesForce.scripts.Contacts" time="0">
    <skipped/>
  </testcase>
  <testcase name="afterMethod" classname="com.SalesForce.scripts.Contacts" time="0">
    <skipped/>
  </testcase>
  <testcase name="afterMethod" classname="com.SalesForce.scripts.Contacts" time="0">
    <skipped/>
  </testcase>
  <testcase name="afterMethod" classname="com.SalesForce.scripts.Contacts" time="0">
    <skipped/>
  </testcase>
  <testcase name="afterMethod" classname="com.SalesForce.scripts.Contacts" time="0">
    <skipped/>
  </testcase>
  <testcase name="afterMethod" classname="com.SalesForce.scripts.Contacts" time="0">
    <skipped/>
  </testcase>
  <testcase name="afterMethod" classname="com.SalesForce.scripts.Contacts" time="0">
    <skipped/>
  </testcase>
  <testcase name="afterMethod" classname="com.SalesForce.scripts.Contacts" time="0">
    <skipped/>
  </testcase>
  <testcase name="afterMethod" classname="com.SalesForce.scripts.Contacts" time="0">
    <skipped/>
  </testcase>
  <testcase name="afterMethod" classname="com.SalesForce.scripts.Contacts" time="0">
    <skipped/>
  </testcase>
  <testcase name="afterMethod" classname="com.SalesForce.scripts.Contacts" time="0">
    <skipped/>
  </testcase>
  <testcase name="afterMethod" classname="com.SalesForce.scripts.Contacts" time="0">
    <skipped/>
  </testcase>
  <testcase name="afterMethod" classname="com.SalesForce.scripts.Contacts" time="0">
    <skipped/>
  </testcase>
  <testcase name="afterMethod" classname="com.SalesForce.scripts.Contacts" time="0">
    <skipped/>
  </testcase>
  <testcase name="afterMethod" classname="com.SalesForce.scripts.Contacts" time="0">
    <skipped/>
  </testcase>
  <testcase name="afterMethod" classname="com.SalesForce.scripts.Contacts" time="0">
    <skipped/>
  </testcase>
  <testcase name="afterMethod" classname="com.SalesForce.scripts.Contacts" time="0">
    <skipped/>
  </testcase>
  <testcase name="afterMethod" classname="com.SalesForce.scripts.Contacts" time="0">
    <skipped/>
  </testcase>
  <testcase name="afterMethod" classname="com.SalesForce.scripts.Contacts" time="0">
    <skipped/>
  </testcase>
  <testcase name="afterMethod" classname="com.SalesForce.scripts.Contacts" time="0">
    <skipped/>
  </testcase>
  <testcase name="afterMethod" classname="com.SalesForce.scripts.Contacts" time="0">
    <skipped/>
  </testcase>
  <testcase name="afterMethod" classname="com.SalesForce.scripts.Contacts" time="0">
    <skipped/>
  </testcase>
  <testcase name="afterMethod" classname="com.SalesForce.scripts.Contacts" time="0">
    <skipped/>
  </testcase>
  <testcase name="afterMethod" classname="com.SalesForce.scripts.Contacts" time="0">
    <skipped/>
  </testcase>
  <testcase name="afterMethod" classname="com.SalesForce.scripts.Contacts" time="0">
    <skipped/>
  </testcase>
  <testcase name="afterMethod" classname="com.SalesForce.scripts.Contacts" time="0">
    <skipped/>
  </testcase>
  <testcase name="afterMethod" classname="com.SalesForce.scripts.Contacts" time="0">
    <skipped/>
  </testcase>
  <testcase name="afterMethod" classname="com.SalesForce.scripts.Contacts" time="0">
    <skipped/>
  </testcase>
  <testcase name="afterMethod" classname="com.SalesForce.scripts.Contacts" time="0">
    <skipped/>
  </testcase>
  <testcase name="afterMethod" classname="com.SalesForce.scripts.Contacts" time="0">
    <skipped/>
  </testcase>
  <testcase name="afterMethod" classname="com.SalesForce.scripts.Contacts" time="0">
    <skipped/>
  </testcase>
  <testcase name="afterMethod" classname="com.SalesForce.scripts.Contacts" time="0">
    <skipped/>
  </testcase>
  <testcase name="afterMethod" classname="com.SalesForce.scripts.Contacts" time="0">
    <skipped/>
  </testcase>
  <testcase name="afterMethod" classname="com.SalesForce.scripts.Contacts" time="0">
    <skipped/>
  </testcase>
  <testcase name="afterMethod" classname="com.SalesForce.scripts.Contacts" time="0">
    <skipped/>
  </testcase>
  <testcase name="afterMethod" classname="com.SalesForce.scripts.Contacts" time="0">
    <skipped/>
  </testcase>
  <testcase name="afterMethod" classname="com.SalesForce.scripts.Contacts" time="0">
    <skipped/>
  </testcase>
  <testcase name="afterMethod" classname="com.SalesForce.scripts.Contacts" time="0">
    <skipped/>
  </testcase>
  <testcase name="beforeMethod" classname="com.SalesForce.scripts.Contacts" time="0">
    <skipped/>
    <system-out><![CDATA[******getData*******: TestCreateContact
Test Starts from row -> 5
Total cols in test -> 5
Total rows in test -> 1
Y - gallop_new_contact_01 - gallop_01 - CAG - Beef - 
]]></system-out>
  </testcase>
  <testcase name="beforeMethod" classname="com.SalesForce.scripts.Contacts" time="0">
    <skipped/>
    <system-out><![CDATA[******getData*******: TestCreateDuplicateContact
Test Starts from row -> 9
Total cols in test -> 3
Total rows in test -> 1
Y - 1258_gallop_contact_Duplicate - 1258_gallop - 
]]></system-out>
  </testcase>
  <testcase name="beforeMethod" classname="com.SalesForce.scripts.Contacts" time="0">
    <skipped/>
    <system-out><![CDATA[******getData*******: TestLinkContactWithMultipleAccounts
Test Starts from row -> 13
Total cols in test -> 5
Total rows in test -> 1
Y - 1235_gallop_contact - newAccount_1 - CAG - Dairy - 
]]></system-out>
  </testcase>
  <testcase name="beforeMethod" classname="com.SalesForce.scripts.Contacts" time="0">
    <skipped/>
    <system-out><![CDATA[******getData*******: TestCreateUser
Test Starts from row -> 0
Total cols in test -> 7
Total rows in test -> 70
US - USS1 - CP - EN - https://qaorder.idexx.com - IOO  - row 2 or column 6 does not exist  in xls - 
AT - ATS1 - CE - DE - https://qabestellung.idexx.at - IOO  - row 3 or column 6 does not exist  in xls - 
AT - ATS1 - CF - DE - https://qabestellung.idexx.at - IOO  - row 4 or column 6 does not exist  in xls - 
AT - ATS1 - CL - DE - https://qabestellung.idexx.at - IOO  - row 5 or column 6 does not exist  in xls - 
AT - ATS1 - CP - DE - https://qabestellung.idexx.at - IOO  - row 6 or column 6 does not exist  in xls - 
AU - AUS1 - CE - 6N - https://qaorder.idexx.com.au - IOO  - row 7 or column 6 does not exist  in xls - 
AU - AUS1 - CL - 6N - https://qaorder.idexx.com.au - IOO  - row 8 or column 6 does not exist  in xls - 
AU - AUS1 - CP - 6N - https://qaorder.idexx.com.au - IOO  - row 9 or column 6 does not exist  in xls - 
BE - BES1 - CE - 6N - https://qaorder.idexx.be - IOO  - row 10 or column 6 does not exist  in xls - 
BE - BES1 - CF - 6N - https://qaorder.idexx.be - IOO  - row 11 or column 6 does not exist  in xls - 
BE - BES1 - CL - 6N - https://qaorder.idexx.be - IOO  - row 12 or column 6 does not exist  in xls - 
BE - BES1 - CP - 6N - https://qaorder.idexx.be - IOO  - row 13 or column 6 does not exist  in xls - 
CA - CAS1 - CE - 6N - https://qaorder.idexx.ca - IOO  - row 14 or column 6 does not exist  in xls - 
CA - CAS1 - CF - 6N - https://qaorder.idexx.ca - IOO  - row 15 or column 6 does not exist  in xls - 
CA - CAS1 - CL - 6N - https://qaorder.idexx.ca - IOO  - row 16 or column 6 does not exist  in xls - 
CH - SWS1 - CE - DE - https://qabestellung.idexx.ch - IOO  - row 17 or column 6 does not exist  in xls - 
CH - SWS1 - CF - DE - https://qabestellung.idexx.ch - IOO  - row 18 or column 6 does not exist  in xls - 
CH - SWS1 - CL - DE - https://qabestellung.idexx.ch - IOO  - row 19 or column 6 does not exist  in xls - 
CZ - CZS1 - CP - 6N - https://qaobjednavky.idexx.cz - IOO  - row 20 or column 6 does not exist  in xls - 
DE - GES1 - CE - DE - https://qabestellung.idexx.de - IOO  - row 21 or column 6 does not exist  in xls - 
DE - GES1 - CF - DE - https://qabestellung.idexx.de - IOO  - row 22 or column 6 does not exist  in xls - 
DE - GES1 - CL - DE - https://qabestellung.idexx.de - IOO  - row 23 or column 6 does not exist  in xls - 
DE - GES1 - CP - DE - https://qabestellung.idexx.de - IOO  - row 24 or column 6 does not exist  in xls - 
DK - DKS1 - CE - 6N - https://qaorder.idexx.dk - IOO  - row 25 or column 6 does not exist  in xls - 
DK - DKS1 - CF - 6N - https://qaorder.idexx.dk - IOO  - row 26 or column 6 does not exist  in xls - 
DK - DKS1 - CL - 6N - https://qaorder.idexx.dk - IOO  - row 27 or column 6 does not exist  in xls - 
DK - DKS1 - CP - 6N - https://qaorder.idexx.dk - IOO  - row 28 or column 6 does not exist  in xls - 
ES - ESS1 - CE - ES - https://qapedido.idexx.es - IOO  - row 29 or column 6 does not exist  in xls - 
ES - ESS1 - CF - ES - https://qapedido.idexx.es - IOO  - row 30 or column 6 does not exist  in xls - 
ES - ESS1 - CL - ES - https://qapedido.idexx.es - IOO  - row 31 or column 6 does not exist  in xls - 
ES - ESS1 - CP - ES - https://qapedido.idexx.es - IOO  - row 32 or column 6 does not exist  in xls - 
FI - FIS1 - CE - 6N - https://qaorder.idexx.fi - IOO  - row 33 or column 6 does not exist  in xls - 
FI - FIS1 - CF - 6N - https://qaorder.idexx.fi - IOO  - row 34 or column 6 does not exist  in xls - 
FI - FIS1 - CL - 6N - https://qaorder.idexx.fi - IOO  - row 35 or column 6 does not exist  in xls - 
FI - FIS1 - CP - 6N - https://qaorder.idexx.fi - IOO  - row 36 or column 6 does not exist  in xls - 
FR - FRS1 - CE - FR - https://qacommande.idexx.fr - IOO  - row 37 or column 6 does not exist  in xls - 
FR - FRS1 - CF - FR - https://qacommande.idexx.fr - IOO  - row 38 or column 6 does not exist  in xls - 
FR - FRS1 - CL - FR - https://qacommande.idexx.fr - IOO  - row 39 or column 6 does not exist  in xls - 
FR - FRS1 - CP - FR - https://qacommande.idexx.fr - IOO  - row 40 or column 6 does not exist  in xls - 
GB - UKS1 - CE - 6N - https://qaorder.idexx.co.uk - IOO  - row 41 or column 6 does not exist  in xls - 
GB - UKS1 - CF - 6N - https://qaorder.idexx.co.uk - IOO  - row 42 or column 6 does not exist  in xls - 
GB - UKS1 - CL - 6N - https://qaorder.idexx.co.uk - IOO  - row 43 or column 6 does not exist  in xls - 
GB - UKS1 - CP - 6N - https://qaorder.idexx.co.uk - IOO  - row 44 or column 6 does not exist  in xls - 
IT - ITS1 - CE - IT - https://qaordini.idexx.it - IOO  - row 45 or column 6 does not exist  in xls - 
IT - ITS1 - CF - IT - https://qaordini.idexx.it - IOO  - row 46 or column 6 does not exist  in xls - 
IT - ITS1 - CL - IT - https://qaordini.idexx.it - IOO  - row 47 or column 6 does not exist  in xls - 
IT - ITS1 - CP - IT - https://qaordini.idexx.it - IOO  - row 48 or column 6 does not exist  in xls - 
NL - NLS1 - CE - 6N - https://qaorder.idexx.nl - IOO  - row 49 or column 6 does not exist  in xls - 
NL - NLS1 - CF - 6N - https://qaorder.idexx.nl - IOO  - row 50 or column 6 does not exist  in xls - 
NL - NLS1 - CL - 6N - https://qaorder.idexx.nl - IOO  - row 51 or column 6 does not exist  in xls - 
NL - NLS1 - CP - 6N - https://qaorder.idexx.nl - IOO  - row 52 or column 6 does not exist  in xls - 
NO - NOS1 - CE - 6N - https://qaorder.idexx.no - IOO  - row 53 or column 6 does not exist  in xls - 
NO - NOS1 - CF - 6N - https://qaorder.idexx.no - IOO  - row 54 or column 6 does not exist  in xls - 
NO - NOS1 - CL - 6N - https://qaorder.idexx.no - IOO  - row 55 or column 6 does not exist  in xls - 
NO - NOS1 - CP - 6N - https://qaorder.idexx.no - IOO  - row 56 or column 6 does not exist  in xls - 
NZ - NZS2 - CE - 6N - https://qaorder.idexx.co.nz - IOO  - row 57 or column 6 does not exist  in xls - 
NZ - NZS2 - CF - 6N - https://qaorder.idexx.co.nz - IOO  - row 58 or column 6 does not exist  in xls - 
NZ - NZS2 - CP - 6N - https://qaorder.idexx.co.nz - IOO  - row 59 or column 6 does not exist  in xls - 
NZ - NZS2 - CL - 6N - https://qaorder.idexx.co.nz - IOO  - row 60 or column 6 does not exist  in xls - 
SE - SES2 - CE - 6N - https://qaorder.idexx.se - IOO  - row 61 or column 6 does not exist  in xls - 
SE - SES2 - CL - 6N - https://qaorder.idexx.se - IOO  - row 62 or column 6 does not exist  in xls - 
SE - SES2 - CP - 6N - https://qaorder.idexx.se - IOO  - row 63 or column 6 does not exist  in xls - 
SK - SKS1 - CP - 6N - https://qaobjednavky.idexx.sk - IOO  - row 64 or column 6 does not exist  in xls - 
US - USS1 - CE - EN - https://qaorder.idexx.com - IOO  - row 65 or column 6 does not exist  in xls - 
US - USS1 - CF - EN - https://qaorder.idexx.com - IOO  - row 66 or column 6 does not exist  in xls - 
US - USS1 - CL - EN - https://qaorder.idexx.com - IOO  - row 67 or column 6 does not exist  in xls - 
ZA - SAS1 - CE - 6N - https://qaorder.idexx.co.za - IOO  - row 68 or column 6 does not exist  in xls - 
ZA - SAS1 - CF - 6N - https://qaorder.idexx.co.za - IOO  - row 69 or column 6 does not exist  in xls - 
ZA - SAS1 - CL - 6N - https://qaorder.idexx.co.za - IOO  - row 70 or column 6 does not exist  in xls - 
ZA - SAS1 - CP - 6N - https://qaorder.idexx.co.za - IOO  - row 71 or column 6 does not exist  in xls - 
]]></system-out>
    <system-err><![CDATA[java.lang.IllegalStateException: Cannot get a numeric value from a text cell
	at org.apache.poi.xssf.usermodel.XSSFCell.typeMismatch(XSSFCell.java:845)
	at org.apache.poi.xssf.usermodel.XSSFCell.getNumericCellValue(XSSFCell.java:202)
	at com.automation.utilities.Xls_Reader.getCellData(Xls_Reader.java:151)
	at com.automation.utilities.TestUtil.getData(TestUtil.java:183)
	at com.SalesForce.scripts.Contacts.getTestDataFor_TestCreateUser(Contacts.java:177)
	at sun.reflect.NativeMethodAccessorImpl.invoke0(Native Method)
	at sun.reflect.NativeMethodAccessorImpl.invoke(NativeMethodAccessorImpl.java:62)
	at sun.reflect.DelegatingMethodAccessorImpl.invoke(DelegatingMethodAccessorImpl.java:43)
	at java.lang.reflect.Method.invoke(Method.java:498)
	at org.testng.internal.MethodInvocationHelper.invokeMethod(MethodInvocationHelper.java:85)
	at org.testng.internal.MethodInvocationHelper.invokeDataProvider(MethodInvocationHelper.java:136)
	at org.testng.internal.Parameters.handleParameters(Parameters.java:430)
	at org.testng.internal.Invoker.handleParameters(Invoker.java:1276)
	at org.testng.internal.Invoker.createParameters(Invoker.java:992)
	at org.testng.internal.Invoker.invokeTestMethods(Invoker.java:1082)
	at org.testng.internal.TestMethodWorker.invokeTestMethods(TestMethodWorker.java:124)
	at org.testng.internal.TestMethodWorker.run(TestMethodWorker.java:108)
	at org.testng.TestRunner.privateRun(TestRunner.java:773)
	at org.testng.TestRunner.run(TestRunner.java:623)
	at org.testng.SuiteRunner.runTest(SuiteRunner.java:357)
	at org.testng.SuiteRunner.access$000(SuiteRunner.java:39)
	at org.testng.SuiteRunner$SuiteWorker.run(SuiteRunner.java:391)
	at org.testng.internal.thread.ThreadUtil$2.call(ThreadUtil.java:64)
	at java.util.concurrent.FutureTask.run(FutureTask.java:266)
	at java.util.concurrent.ThreadPoolExecutor.runWorker(ThreadPoolExecutor.java:1142)
	at java.util.concurrent.ThreadPoolExecutor$Worker.run(ThreadPoolExecutor.java:617)
	at java.lang.Thread.run(Thread.java:745)
java.lang.IllegalStateException: Cannot get a numeric value from a text cell
	at org.apache.poi.xssf.usermodel.XSSFCell.typeMismatch(XSSFCell.java:845)
	at org.apache.poi.xssf.usermodel.XSSFCell.getNumericCellValue(XSSFCell.java:202)
	at com.automation.utilities.Xls_Reader.getCellData(Xls_Reader.java:151)
	at com.automation.utilities.TestUtil.getData(TestUtil.java:184)
	at com.SalesForce.scripts.Contacts.getTestDataFor_TestCreateUser(Contacts.java:177)
	at sun.reflect.NativeMethodAccessorImpl.invoke0(Native Method)
	at sun.reflect.NativeMethodAccessorImpl.invoke(NativeMethodAccessorImpl.java:62)
	at sun.reflect.DelegatingMethodAccessorImpl.invoke(DelegatingMethodAccessorImpl.java:43)
	at java.lang.reflect.Method.invoke(Method.java:498)
	at org.testng.internal.MethodInvocationHelper.invokeMethod(MethodInvocationHelper.java:85)
	at org.testng.internal.MethodInvocationHelper.invokeDataProvider(MethodInvocationHelper.java:136)
	at org.testng.internal.Parameters.handleParameters(Parameters.java:430)
	at org.testng.internal.Invoker.handleParameters(Invoker.java:1276)
	at org.testng.internal.Invoker.createParameters(Invoker.java:992)
	at org.testng.internal.Invoker.invokeTestMethods(Invoker.java:1082)
	at org.testng.internal.TestMethodWorker.invokeTestMethods(TestMethodWorker.java:124)
	at org.testng.internal.TestMethodWorker.run(TestMethodWorker.java:108)
	at org.testng.TestRunner.privateRun(TestRunner.java:773)
	at org.testng.TestRunner.run(TestRunner.java:623)
	at org.testng.SuiteRunner.runTest(SuiteRunner.java:357)
	at org.testng.SuiteRunner.access$000(SuiteRunner.java:39)
	at org.testng.SuiteRunner$SuiteWorker.run(SuiteRunner.java:391)
	at org.testng.internal.thread.ThreadUtil$2.call(ThreadUtil.java:64)
	at java.util.concurrent.FutureTask.run(FutureTask.java:266)
	at java.util.concurrent.ThreadPoolExecutor.runWorker(ThreadPoolExecutor.java:1142)
	at java.util.concurrent.ThreadPoolExecutor$Worker.run(ThreadPoolExecutor.java:617)
	at java.lang.Thread.run(Thread.java:745)
java.lang.IllegalStateException: Cannot get a numeric value from a text cell
	at org.apache.poi.xssf.usermodel.XSSFCell.typeMismatch(XSSFCell.java:845)
	at org.apache.poi.xssf.usermodel.XSSFCell.getNumericCellValue(XSSFCell.java:202)
	at com.automation.utilities.Xls_Reader.getCellData(Xls_Reader.java:151)
	at com.automation.utilities.TestUtil.getData(TestUtil.java:183)
	at com.SalesForce.scripts.Contacts.getTestDataFor_TestCreateUser(Contacts.java:177)
	at sun.reflect.NativeMethodAccessorImpl.invoke0(Native Method)
	at sun.reflect.NativeMethodAccessorImpl.invoke(NativeMethodAccessorImpl.java:62)
	at sun.reflect.DelegatingMethodAccessorImpl.invoke(DelegatingMethodAccessorImpl.java:43)
	at java.lang.reflect.Method.invoke(Method.java:498)
	at org.testng.internal.MethodInvocationHelper.invokeMethod(MethodInvocationHelper.java:85)
	at org.testng.internal.MethodInvocationHelper.invokeDataProvider(MethodInvocationHelper.java:136)
	at org.testng.internal.Parameters.handleParameters(Parameters.java:430)
	at org.testng.internal.Invoker.handleParameters(Invoker.java:1276)
	at org.testng.internal.Invoker.createParameters(Invoker.java:992)
	at org.testng.internal.Invoker.invokeTestMethods(Invoker.java:1082)
	at org.testng.internal.TestMethodWorker.invokeTestMethods(TestMethodWorker.java:124)
	at org.testng.internal.TestMethodWorker.run(TestMethodWorker.java:108)
	at org.testng.TestRunner.privateRun(TestRunner.java:773)
	at org.testng.TestRunner.run(TestRunner.java:623)
	at org.testng.SuiteRunner.runTest(SuiteRunner.java:357)
	at org.testng.SuiteRunner.access$000(SuiteRunner.java:39)
	at org.testng.SuiteRunner$SuiteWorker.run(SuiteRunner.java:391)
	at org.testng.internal.thread.ThreadUtil$2.call(ThreadUtil.java:64)
	at java.util.concurrent.FutureTask.run(FutureTask.java:266)
	at java.util.concurrent.ThreadPoolExecutor.runWorker(ThreadPoolExecutor.java:1142)
	at java.util.concurrent.ThreadPoolExecutor$Worker.run(ThreadPoolExecutor.java:617)
	at java.lang.Thread.run(Thread.java:745)
java.lang.IllegalStateException: Cannot get a numeric value from a text cell
	at org.apache.poi.xssf.usermodel.XSSFCell.typeMismatch(XSSFCell.java:845)
	at org.apache.poi.xssf.usermodel.XSSFCell.getNumericCellValue(XSSFCell.java:202)
	at com.automation.utilities.Xls_Reader.getCellData(Xls_Reader.java:151)
	at com.automation.utilities.TestUtil.getData(TestUtil.java:184)
	at com.SalesForce.scripts.Contacts.getTestDataFor_TestCreateUser(Contacts.java:177)
	at sun.reflect.NativeMethodAccessorImpl.invoke0(Native Method)
	at sun.reflect.NativeMethodAccessorImpl.invoke(NativeMethodAccessorImpl.java:62)
	at sun.reflect.DelegatingMethodAccessorImpl.invoke(DelegatingMethodAccessorImpl.java:43)
	at java.lang.reflect.Method.invoke(Method.java:498)
	at org.testng.internal.MethodInvocationHelper.invokeMethod(MethodInvocationHelper.java:85)
	at org.testng.internal.MethodInvocationHelper.invokeDataProvider(MethodInvocationHelper.java:136)
	at org.testng.internal.Parameters.handleParameters(Parameters.java:430)
	at org.testng.internal.Invoker.handleParameters(Invoker.java:1276)
	at org.testng.internal.Invoker.createParameters(Invoker.java:992)
	at org.testng.internal.Invoker.invokeTestMethods(Invoker.java:1082)
	at org.testng.internal.TestMethodWorker.invokeTestMethods(TestMethodWorker.java:124)
	at org.testng.internal.TestMethodWorker.run(TestMethodWorker.java:108)
	at org.testng.TestRunner.privateRun(TestRunner.java:773)
	at org.testng.TestRunner.run(TestRunner.java:623)
	at org.testng.SuiteRunner.runTest(SuiteRunner.java:357)
	at org.testng.SuiteRunner.access$000(SuiteRunner.java:39)
	at org.testng.SuiteRunner$SuiteWorker.run(SuiteRunner.java:391)
	at org.testng.internal.thread.ThreadUtil$2.call(ThreadUtil.java:64)
	at java.util.concurrent.FutureTask.run(FutureTask.java:266)
	at java.util.concurrent.ThreadPoolExecutor.runWorker(ThreadPoolExecutor.java:1142)
	at java.util.concurrent.ThreadPoolExecutor$Worker.run(ThreadPoolExecutor.java:617)
	at java.lang.Thread.run(Thread.java:745)
java.lang.IllegalStateException: Cannot get a numeric value from a text cell
	at org.apache.poi.xssf.usermodel.XSSFCell.typeMismatch(XSSFCell.java:845)
	at org.apache.poi.xssf.usermodel.XSSFCell.getNumericCellValue(XSSFCell.java:202)
	at com.automation.utilities.Xls_Reader.getCellData(Xls_Reader.java:151)
	at com.automation.utilities.TestUtil.getData(TestUtil.java:183)
	at com.SalesForce.scripts.Contacts.getTestDataFor_TestCreateUser(Contacts.java:177)
	at sun.reflect.NativeMethodAccessorImpl.invoke0(Native Method)
	at sun.reflect.NativeMethodAccessorImpl.invoke(NativeMethodAccessorImpl.java:62)
	at sun.reflect.DelegatingMethodAccessorImpl.invoke(DelegatingMethodAccessorImpl.java:43)
	at java.lang.reflect.Method.invoke(Method.java:498)
	at org.testng.internal.MethodInvocationHelper.invokeMethod(MethodInvocationHelper.java:85)
	at org.testng.internal.MethodInvocationHelper.invokeDataProvider(MethodInvocationHelper.java:136)
	at org.testng.internal.Parameters.handleParameters(Parameters.java:430)
	at org.testng.internal.Invoker.handleParameters(Invoker.java:1276)
	at org.testng.internal.Invoker.createParameters(Invoker.java:992)
	at org.testng.internal.Invoker.invokeTestMethods(Invoker.java:1082)
	at org.testng.internal.TestMethodWorker.invokeTestMethods(TestMethodWorker.java:124)
	at org.testng.internal.TestMethodWorker.run(TestMethodWorker.java:108)
	at org.testng.TestRunner.privateRun(TestRunner.java:773)
	at org.testng.TestRunner.run(TestRunner.java:623)
	at org.testng.SuiteRunner.runTest(SuiteRunner.java:357)
	at org.testng.SuiteRunner.access$000(SuiteRunner.java:39)
	at org.testng.SuiteRunner$SuiteWorker.run(SuiteRunner.java:391)
	at org.testng.internal.thread.ThreadUtil$2.call(ThreadUtil.java:64)
	at java.util.concurrent.FutureTask.run(FutureTask.java:266)
	at java.util.concurrent.ThreadPoolExecutor.runWorker(ThreadPoolExecutor.java:1142)
	at java.util.concurrent.ThreadPoolExecutor$Worker.run(ThreadPoolExecutor.java:617)
	at java.lang.Thread.run(Thread.java:745)
java.lang.IllegalStateException: Cannot get a numeric value from a text cell
	at org.apache.poi.xssf.usermodel.XSSFCell.typeMismatch(XSSFCell.java:845)
	at org.apache.poi.xssf.usermodel.XSSFCell.getNumericCellValue(XSSFCell.java:202)
	at com.automation.utilities.Xls_Reader.getCellData(Xls_Reader.java:151)
	at com.automation.utilities.TestUtil.getData(TestUtil.java:184)
	at com.SalesForce.scripts.Contacts.getTestDataFor_TestCreateUser(Contacts.java:177)
	at sun.reflect.NativeMethodAccessorImpl.invoke0(Native Method)
	at sun.reflect.NativeMethodAccessorImpl.invoke(NativeMethodAccessorImpl.java:62)
	at sun.reflect.DelegatingMethodAccessorImpl.invoke(DelegatingMethodAccessorImpl.java:43)
	at java.lang.reflect.Method.invoke(Method.java:498)
	at org.testng.internal.MethodInvocationHelper.invokeMethod(MethodInvocationHelper.java:85)
	at org.testng.internal.MethodInvocationHelper.invokeDataProvider(MethodInvocationHelper.java:136)
	at org.testng.internal.Parameters.handleParameters(Parameters.java:430)
	at org.testng.internal.Invoker.handleParameters(Invoker.java:1276)
	at org.testng.internal.Invoker.createParameters(Invoker.java:992)
	at org.testng.internal.Invoker.invokeTestMethods(Invoker.java:1082)
	at org.testng.internal.TestMethodWorker.invokeTestMethods(TestMethodWorker.java:124)
	at org.testng.internal.TestMethodWorker.run(TestMethodWorker.java:108)
	at org.testng.TestRunner.privateRun(TestRunner.java:773)
	at org.testng.TestRunner.run(TestRunner.java:623)
	at org.testng.SuiteRunner.runTest(SuiteRunner.java:357)
	at org.testng.SuiteRunner.access$000(SuiteRunner.java:39)
	at org.testng.SuiteRunner$SuiteWorker.run(SuiteRunner.java:391)
	at org.testng.internal.thread.ThreadUtil$2.call(ThreadUtil.java:64)
	at java.util.concurrent.FutureTask.run(FutureTask.java:266)
	at java.util.concurrent.ThreadPoolExecutor.runWorker(ThreadPoolExecutor.java:1142)
	at java.util.concurrent.ThreadPoolExecutor$Worker.run(ThreadPoolExecutor.java:617)
	at java.lang.Thread.run(Thread.java:745)
java.lang.IllegalStateException: Cannot get a numeric value from a text cell
	at org.apache.poi.xssf.usermodel.XSSFCell.typeMismatch(XSSFCell.java:845)
	at org.apache.poi.xssf.usermodel.XSSFCell.getNumericCellValue(XSSFCell.java:202)
	at com.automation.utilities.Xls_Reader.getCellData(Xls_Reader.java:151)
	at com.automation.utilities.TestUtil.getData(TestUtil.java:183)
	at com.SalesForce.scripts.Contacts.getTestDataFor_TestCreateUser(Contacts.java:177)
	at sun.reflect.NativeMethodAccessorImpl.invoke0(Native Method)
	at sun.reflect.NativeMethodAccessorImpl.invoke(NativeMethodAccessorImpl.java:62)
	at sun.reflect.DelegatingMethodAccessorImpl.invoke(DelegatingMethodAccessorImpl.java:43)
	at java.lang.reflect.Method.invoke(Method.java:498)
	at org.testng.internal.MethodInvocationHelper.invokeMethod(MethodInvocationHelper.java:85)
	at org.testng.internal.MethodInvocationHelper.invokeDataProvider(MethodInvocationHelper.java:136)
	at org.testng.internal.Parameters.handleParameters(Parameters.java:430)
	at org.testng.internal.Invoker.handleParameters(Invoker.java:1276)
	at org.testng.internal.Invoker.createParameters(Invoker.java:992)
	at org.testng.internal.Invoker.invokeTestMethods(Invoker.java:1082)
	at org.testng.internal.TestMethodWorker.invokeTestMethods(TestMethodWorker.java:124)
	at org.testng.internal.TestMethodWorker.run(TestMethodWorker.java:108)
	at org.testng.TestRunner.privateRun(TestRunner.java:773)
	at org.testng.TestRunner.run(TestRunner.java:623)
	at org.testng.SuiteRunner.runTest(SuiteRunner.java:357)
	at org.testng.SuiteRunner.access$000(SuiteRunner.java:39)
	at org.testng.SuiteRunner$SuiteWorker.run(SuiteRunner.java:391)
	at org.testng.internal.thread.ThreadUtil$2.call(ThreadUtil.java:64)
	at java.util.concurrent.FutureTask.run(FutureTask.java:266)
	at java.util.concurrent.ThreadPoolExecutor.runWorker(ThreadPoolExecutor.java:1142)
	at java.util.concurrent.ThreadPoolExecutor$Worker.run(ThreadPoolExecutor.java:617)
	at java.lang.Thread.run(Thread.java:745)
java.lang.IllegalStateException: Cannot get a numeric value from a text cell
	at org.apache.poi.xssf.usermodel.XSSFCell.typeMismatch(XSSFCell.java:845)
	at org.apache.poi.xssf.usermodel.XSSFCell.getNumericCellValue(XSSFCell.java:202)
	at com.automation.utilities.Xls_Reader.getCellData(Xls_Reader.java:151)
	at com.automation.utilities.TestUtil.getData(TestUtil.java:184)
	at com.SalesForce.scripts.Contacts.getTestDataFor_TestCreateUser(Contacts.java:177)
	at sun.reflect.NativeMethodAccessorImpl.invoke0(Native Method)
	at sun.reflect.NativeMethodAccessorImpl.invoke(NativeMethodAccessorImpl.java:62)
	at sun.reflect.DelegatingMethodAccessorImpl.invoke(DelegatingMethodAccessorImpl.java:43)
	at java.lang.reflect.Method.invoke(Method.java:498)
	at org.testng.internal.MethodInvocationHelper.invokeMethod(MethodInvocationHelper.java:85)
	at org.testng.internal.MethodInvocationHelper.invokeDataProvider(MethodInvocationHelper.java:136)
	at org.testng.internal.Parameters.handleParameters(Parameters.java:430)
	at org.testng.internal.Invoker.handleParameters(Invoker.java:1276)
	at org.testng.internal.Invoker.createParameters(Invoker.java:992)
	at org.testng.internal.Invoker.invokeTestMethods(Invoker.java:1082)
	at org.testng.internal.TestMethodWorker.invokeTestMethods(TestMethodWorker.java:124)
	at org.testng.internal.TestMethodWorker.run(TestMethodWorker.java:108)
	at org.testng.TestRunner.privateRun(TestRunner.java:773)
	at org.testng.TestRunner.run(TestRunner.java:623)
	at org.testng.SuiteRunner.runTest(SuiteRunner.java:357)
	at org.testng.SuiteRunner.access$000(SuiteRunner.java:39)
	at org.testng.SuiteRunner$SuiteWorker.run(SuiteRunner.java:391)
	at org.testng.internal.thread.ThreadUtil$2.call(ThreadUtil.java:64)
	at java.util.concurrent.FutureTask.run(FutureTask.java:266)
	at java.util.concurrent.ThreadPoolExecutor.runWorker(ThreadPoolExecutor.java:1142)
	at java.util.concurrent.ThreadPoolExecutor$Worker.run(ThreadPoolExecutor.java:617)
	at java.lang.Thread.run(Thread.java:745)
java.lang.IllegalStateException: Cannot get a numeric value from a text cell
	at org.apache.poi.xssf.usermodel.XSSFCell.typeMismatch(XSSFCell.java:845)
	at org.apache.poi.xssf.usermodel.XSSFCell.getNumericCellValue(XSSFCell.java:202)
	at com.automation.utilities.Xls_Reader.getCellData(Xls_Reader.java:151)
	at com.automation.utilities.TestUtil.getData(TestUtil.java:183)
	at com.SalesForce.scripts.Contacts.getTestDataFor_TestCreateUser(Contacts.java:177)
	at sun.reflect.NativeMethodAccessorImpl.invoke0(Native Method)
	at sun.reflect.NativeMethodAccessorImpl.invoke(NativeMethodAccessorImpl.java:62)
	at sun.reflect.DelegatingMethodAccessorImpl.invoke(DelegatingMethodAccessorImpl.java:43)
	at java.lang.reflect.Method.invoke(Method.java:498)
	at org.testng.internal.MethodInvocationHelper.invokeMethod(MethodInvocationHelper.java:85)
	at org.testng.internal.MethodInvocationHelper.invokeDataProvider(MethodInvocationHelper.java:136)
	at org.testng.internal.Parameters.handleParameters(Parameters.java:430)
	at org.testng.internal.Invoker.handleParameters(Invoker.java:1276)
	at org.testng.internal.Invoker.createParameters(Invoker.java:992)
	at org.testng.internal.Invoker.invokeTestMethods(Invoker.java:1082)
	at org.testng.internal.TestMethodWorker.invokeTestMethods(TestMethodWorker.java:124)
	at org.testng.internal.TestMethodWorker.run(TestMethodWorker.java:108)
	at org.testng.TestRunner.privateRun(TestRunner.java:773)
	at org.testng.TestRunner.run(TestRunner.java:623)
	at org.testng.SuiteRunner.runTest(SuiteRunner.java:357)
	at org.testng.SuiteRunner.access$000(SuiteRunner.java:39)
	at org.testng.SuiteRunner$SuiteWorker.run(SuiteRunner.java:391)
	at org.testng.internal.thread.ThreadUtil$2.call(ThreadUtil.java:64)
	at java.util.concurrent.FutureTask.run(FutureTask.java:266)
	at java.util.concurrent.ThreadPoolExecutor.runWorker(ThreadPoolExecutor.java:1142)
	at java.util.concurrent.ThreadPoolExecutor$Worker.run(ThreadPoolExecutor.java:617)
	at java.lang.Thread.run(Thread.java:745)
java.lang.IllegalStateException: Cannot get a numeric value from a text cell
	at org.apache.poi.xssf.usermodel.XSSFCell.typeMismatch(XSSFCell.java:845)
	at org.apache.poi.xssf.usermodel.XSSFCell.getNumericCellValue(XSSFCell.java:202)
	at com.automation.utilities.Xls_Reader.getCellData(Xls_Reader.java:151)
	at com.automation.utilities.TestUtil.getData(TestUtil.java:184)
	at com.SalesForce.scripts.Contacts.getTestDataFor_TestCreateUser(Contacts.java:177)
	at sun.reflect.NativeMethodAccessorImpl.invoke0(Native Method)
	at sun.reflect.NativeMethodAccessorImpl.invoke(NativeMethodAccessorImpl.java:62)
	at sun.reflect.DelegatingMethodAccessorImpl.invoke(DelegatingMethodAccessorImpl.java:43)
	at java.lang.reflect.Method.invoke(Method.java:498)
	at org.testng.internal.MethodInvocationHelper.invokeMethod(MethodInvocationHelper.java:85)
	at org.testng.internal.MethodInvocationHelper.invokeDataProvider(MethodInvocationHelper.java:136)
	at org.testng.internal.Parameters.handleParameters(Parameters.java:430)
	at org.testng.internal.Invoker.handleParameters(Invoker.java:1276)
	at org.testng.internal.Invoker.createParameters(Invoker.java:992)
	at org.testng.internal.Invoker.invokeTestMethods(Invoker.java:1082)
	at org.testng.internal.TestMethodWorker.invokeTestMethods(TestMethodWorker.java:124)
	at org.testng.internal.TestMethodWorker.run(TestMethodWorker.java:108)
	at org.testng.TestRunner.privateRun(TestRunner.java:773)
	at org.testng.TestRunner.run(TestRunner.java:623)
	at org.testng.SuiteRunner.runTest(SuiteRunner.java:357)
	at org.testng.SuiteRunner.access$000(SuiteRunner.java:39)
	at org.testng.SuiteRunner$SuiteWorker.run(SuiteRunner.java:391)
	at org.testng.internal.thread.ThreadUtil$2.call(ThreadUtil.java:64)
	at java.util.concurrent.FutureTask.run(FutureTask.java:266)
	at java.util.concurrent.ThreadPoolExecutor.runWorker(ThreadPoolExecutor.java:1142)
	at java.util.concurrent.ThreadPoolExecutor$Worker.run(ThreadPoolExecutor.java:617)
	at java.lang.Thread.run(Thread.java:745)
java.lang.IllegalStateException: Cannot get a numeric value from a text cell
	at org.apache.poi.xssf.usermodel.XSSFCell.typeMismatch(XSSFCell.java:845)
	at org.apache.poi.xssf.usermodel.XSSFCell.getNumericCellValue(XSSFCell.java:202)
	at com.automation.utilities.Xls_Reader.getCellData(Xls_Reader.java:151)
	at com.automation.utilities.TestUtil.getData(TestUtil.java:183)
	at com.SalesForce.scripts.Contacts.getTestDataFor_TestCreateUser(Contacts.java:177)
	at sun.reflect.NativeMethodAccessorImpl.invoke0(Native Method)
	at sun.reflect.NativeMethodAccessorImpl.invoke(NativeMethodAccessorImpl.java:62)
	at sun.reflect.DelegatingMethodAccessorImpl.invoke(DelegatingMethodAccessorImpl.java:43)
	at java.lang.reflect.Method.invoke(Method.java:498)
	at org.testng.internal.MethodInvocationHelper.invokeMethod(MethodInvocationHelper.java:85)
	at org.testng.internal.MethodInvocationHelper.invokeDataProvider(MethodInvocationHelper.java:136)
	at org.testng.internal.Parameters.handleParameters(Parameters.java:430)
	at org.testng.internal.Invoker.handleParameters(Invoker.java:1276)
	at org.testng.internal.Invoker.createParameters(Invoker.java:992)
	at org.testng.internal.Invoker.invokeTestMethods(Invoker.java:1082)
	at org.testng.internal.TestMethodWorker.invokeTestMethods(TestMethodWorker.java:124)
	at org.testng.internal.TestMethodWorker.run(TestMethodWorker.java:108)
	at org.testng.TestRunner.privateRun(TestRunner.java:773)
	at org.testng.TestRunner.run(TestRunner.java:623)
	at org.testng.SuiteRunner.runTest(SuiteRunner.java:357)
	at org.testng.SuiteRunner.access$000(SuiteRunner.java:39)
	at org.testng.SuiteRunner$SuiteWorker.run(SuiteRunner.java:391)
	at org.testng.internal.thread.ThreadUtil$2.call(ThreadUtil.java:64)
	at java.util.concurrent.FutureTask.run(FutureTask.java:266)
	at java.util.concurrent.ThreadPoolExecutor.runWorker(ThreadPoolExecutor.java:1142)
	at java.util.concurrent.ThreadPoolExecutor$Worker.run(ThreadPoolExecutor.java:617)
	at java.lang.Thread.run(Thread.java:745)
java.lang.IllegalStateException: Cannot get a numeric value from a text cell
	at org.apache.poi.xssf.usermodel.XSSFCell.typeMismatch(XSSFCell.java:845)
	at org.apache.poi.xssf.usermodel.XSSFCell.getNumericCellValue(XSSFCell.java:202)
	at com.automation.utilities.Xls_Reader.getCellData(Xls_Reader.java:151)
	at com.automation.utilities.TestUtil.getData(TestUtil.java:184)
	at com.SalesForce.scripts.Contacts.getTestDataFor_TestCreateUser(Contacts.java:177)
	at sun.reflect.NativeMethodAccessorImpl.invoke0(Native Method)
	at sun.reflect.NativeMethodAccessorImpl.invoke(NativeMethodAccessorImpl.java:62)
	at sun.reflect.DelegatingMethodAccessorImpl.invoke(DelegatingMethodAccessorImpl.java:43)
	at java.lang.reflect.Method.invoke(Method.java:498)
	at org.testng.internal.MethodInvocationHelper.invokeMethod(MethodInvocationHelper.java:85)
	at org.testng.internal.MethodInvocationHelper.invokeDataProvider(MethodInvocationHelper.java:136)
	at org.testng.internal.Parameters.handleParameters(Parameters.java:430)
	at org.testng.internal.Invoker.handleParameters(Invoker.java:1276)
	at org.testng.internal.Invoker.createParameters(Invoker.java:992)
	at org.testng.internal.Invoker.invokeTestMethods(Invoker.java:1082)
	at org.testng.internal.TestMethodWorker.invokeTestMethods(TestMethodWorker.java:124)
	at org.testng.internal.TestMethodWorker.run(TestMethodWorker.java:108)
	at org.testng.TestRunner.privateRun(TestRunner.java:773)
	at org.testng.TestRunner.run(TestRunner.java:623)
	at org.testng.SuiteRunner.runTest(SuiteRunner.java:357)
	at org.testng.SuiteRunner.access$000(SuiteRunner.java:39)
	at org.testng.SuiteRunner$SuiteWorker.run(SuiteRunner.java:391)
	at org.testng.internal.thread.ThreadUtil$2.call(ThreadUtil.java:64)
	at java.util.concurrent.FutureTask.run(FutureTask.java:266)
	at java.util.concurrent.ThreadPoolExecutor.runWorker(ThreadPoolExecutor.java:1142)
	at java.util.concurrent.ThreadPoolExecutor$Worker.run(ThreadPoolExecutor.java:617)
	at java.lang.Thread.run(Thread.java:745)
java.lang.IllegalStateException: Cannot get a numeric value from a text cell
	at org.apache.poi.xssf.usermodel.XSSFCell.typeMismatch(XSSFCell.java:845)
	at org.apache.poi.xssf.usermodel.XSSFCell.getNumericCellValue(XSSFCell.java:202)
	at com.automation.utilities.Xls_Reader.getCellData(Xls_Reader.java:151)
	at com.automation.utilities.TestUtil.getData(TestUtil.java:183)
	at com.SalesForce.scripts.Contacts.getTestDataFor_TestCreateUser(Contacts.java:177)
	at sun.reflect.NativeMethodAccessorImpl.invoke0(Native Method)
	at sun.reflect.NativeMethodAccessorImpl.invoke(NativeMethodAccessorImpl.java:62)
	at sun.reflect.DelegatingMethodAccessorImpl.invoke(DelegatingMethodAccessorImpl.java:43)
	at java.lang.reflect.Method.invoke(Method.java:498)
	at org.testng.internal.MethodInvocationHelper.invokeMethod(MethodInvocationHelper.java:85)
	at org.testng.internal.MethodInvocationHelper.invokeDataProvider(MethodInvocationHelper.java:136)
	at org.testng.internal.Parameters.handleParameters(Parameters.java:430)
	at org.testng.internal.Invoker.handleParameters(Invoker.java:1276)
	at org.testng.internal.Invoker.createParameters(Invoker.java:992)
	at org.testng.internal.Invoker.invokeTestMethods(Invoker.java:1082)
	at org.testng.internal.TestMethodWorker.invokeTestMethods(TestMethodWorker.java:124)
	at org.testng.internal.TestMethodWorker.run(TestMethodWorker.java:108)
	at org.testng.TestRunner.privateRun(TestRunner.java:773)
	at org.testng.TestRunner.run(TestRunner.java:623)
	at org.testng.SuiteRunner.runTest(SuiteRunner.java:357)
	at org.testng.SuiteRunner.access$000(SuiteRunner.java:39)
	at org.testng.SuiteRunner$SuiteWorker.run(SuiteRunner.java:391)
	at org.testng.internal.thread.ThreadUtil$2.call(ThreadUtil.java:64)
	at java.util.concurrent.FutureTask.run(FutureTask.java:266)
	at java.util.concurrent.ThreadPoolExecutor.runWorker(ThreadPoolExecutor.java:1142)
	at java.util.concurrent.ThreadPoolExecutor$Worker.run(ThreadPoolExecutor.java:617)
	at java.lang.Thread.run(Thread.java:745)
java.lang.IllegalStateException: Cannot get a numeric value from a text cell
	at org.apache.poi.xssf.usermodel.XSSFCell.typeMismatch(XSSFCell.java:845)
	at org.apache.poi.xssf.usermodel.XSSFCell.getNumericCellValue(XSSFCell.java:202)
	at com.automation.utilities.Xls_Reader.getCellData(Xls_Reader.java:151)
	at com.automation.utilities.TestUtil.getData(TestUtil.java:184)
	at com.SalesForce.scripts.Contacts.getTestDataFor_TestCreateUser(Contacts.java:177)
	at sun.reflect.NativeMethodAccessorImpl.invoke0(Native Method)
	at sun.reflect.NativeMethodAccessorImpl.invoke(NativeMethodAccessorImpl.java:62)
	at sun.reflect.DelegatingMethodAccessorImpl.invoke(DelegatingMethodAccessorImpl.java:43)
	at java.lang.reflect.Method.invoke(Method.java:498)
	at org.testng.internal.MethodInvocationHelper.invokeMethod(MethodInvocationHelper.java:85)
	at org.testng.internal.MethodInvocationHelper.invokeDataProvider(MethodInvocationHelper.java:136)
	at org.testng.internal.Parameters.handleParameters(Parameters.java:430)
	at org.testng.internal.Invoker.handleParameters(Invoker.java:1276)
	at org.testng.internal.Invoker.createParameters(Invoker.java:992)
	at org.testng.internal.Invoker.invokeTestMethods(Invoker.java:1082)
	at org.testng.internal.TestMethodWorker.invokeTestMethods(TestMethodWorker.java:124)
	at org.testng.internal.TestMethodWorker.run(TestMethodWorker.java:108)
	at org.testng.TestRunner.privateRun(TestRunner.java:773)
	at org.testng.TestRunner.run(TestRunner.java:623)
	at org.testng.SuiteRunner.runTest(SuiteRunner.java:357)
	at org.testng.SuiteRunner.access$000(SuiteRunner.java:39)
	at org.testng.SuiteRunner$SuiteWorker.run(SuiteRunner.java:391)
	at org.testng.internal.thread.ThreadUtil$2.call(ThreadUtil.java:64)
	at java.util.concurrent.FutureTask.run(FutureTask.java:266)
	at java.util.concurrent.ThreadPoolExecutor.runWorker(ThreadPoolExecutor.java:1142)
	at java.util.concurrent.ThreadPoolExecutor$Worker.run(ThreadPoolExecutor.java:617)
	at java.lang.Thread.run(Thread.java:745)
java.lang.IllegalStateException: Cannot get a numeric value from a text cell
	at org.apache.poi.xssf.usermodel.XSSFCell.typeMismatch(XSSFCell.java:845)
	at org.apache.poi.xssf.usermodel.XSSFCell.getNumericCellValue(XSSFCell.java:202)
	at com.automation.utilities.Xls_Reader.getCellData(Xls_Reader.java:151)
	at com.automation.utilities.TestUtil.getData(TestUtil.java:183)
	at com.SalesForce.scripts.Contacts.getTestDataFor_TestCreateUser(Contacts.java:177)
	at sun.reflect.NativeMethodAccessorImpl.invoke0(Native Method)
	at sun.reflect.NativeMethodAccessorImpl.invoke(NativeMethodAccessorImpl.java:62)
	at sun.reflect.DelegatingMethodAccessorImpl.invoke(DelegatingMethodAccessorImpl.java:43)
	at java.lang.reflect.Method.invoke(Method.java:498)
	at org.testng.internal.MethodInvocationHelper.invokeMethod(MethodInvocationHelper.java:85)
	at org.testng.internal.MethodInvocationHelper.invokeDataProvider(MethodInvocationHelper.java:136)
	at org.testng.internal.Parameters.handleParameters(Parameters.java:430)
	at org.testng.internal.Invoker.handleParameters(Invoker.java:1276)
	at org.testng.internal.Invoker.createParameters(Invoker.java:992)
	at org.testng.internal.Invoker.invokeTestMethods(Invoker.java:1082)
	at org.testng.internal.TestMethodWorker.invokeTestMethods(TestMethodWorker.java:124)
	at org.testng.internal.TestMethodWorker.run(TestMethodWorker.java:108)
	at org.testng.TestRunner.privateRun(TestRunner.java:773)
	at org.testng.TestRunner.run(TestRunner.java:623)
	at org.testng.SuiteRunner.runTest(SuiteRunner.java:357)
	at org.testng.SuiteRunner.access$000(SuiteRunner.java:39)
	at org.testng.SuiteRunner$SuiteWorker.run(SuiteRunner.java:391)
	at org.testng.internal.thread.ThreadUtil$2.call(ThreadUtil.java:64)
	at java.util.concurrent.FutureTask.run(FutureTask.java:266)
	at java.util.concurrent.ThreadPoolExecutor.runWorker(ThreadPoolExecutor.java:1142)
	at java.util.concurrent.ThreadPoolExecutor$Worker.run(ThreadPoolExecutor.java:617)
	at java.lang.Thread.run(Thread.java:745)
java.lang.IllegalStateException: Cannot get a numeric value from a text cell
	at org.apache.poi.xssf.usermodel.XSSFCell.typeMismatch(XSSFCell.java:845)
	at org.apache.poi.xssf.usermodel.XSSFCell.getNumericCellValue(XSSFCell.java:202)
	at com.automation.utilities.Xls_Reader.getCellData(Xls_Reader.java:151)
	at com.automation.utilities.TestUtil.getData(TestUtil.java:184)
	at com.SalesForce.scripts.Contacts.getTestDataFor_TestCreateUser(Contacts.java:177)
	at sun.reflect.NativeMethodAccessorImpl.invoke0(Native Method)
	at sun.reflect.NativeMethodAccessorImpl.invoke(NativeMethodAccessorImpl.java:62)
	at sun.reflect.DelegatingMethodAccessorImpl.invoke(DelegatingMethodAccessorImpl.java:43)
	at java.lang.reflect.Method.invoke(Method.java:498)
	at org.testng.internal.MethodInvocationHelper.invokeMethod(MethodInvocationHelper.java:85)
	at org.testng.internal.MethodInvocationHelper.invokeDataProvider(MethodInvocationHelper.java:136)
	at org.testng.internal.Parameters.handleParameters(Parameters.java:430)
	at org.testng.internal.Invoker.handleParameters(Invoker.java:1276)
	at org.testng.internal.Invoker.createParameters(Invoker.java:992)
	at org.testng.internal.Invoker.invokeTestMethods(Invoker.java:1082)
	at org.testng.internal.TestMethodWorker.invokeTestMethods(TestMethodWorker.java:124)
	at org.testng.internal.TestMethodWorker.run(TestMethodWorker.java:108)
	at org.testng.TestRunner.privateRun(TestRunner.java:773)
	at org.testng.TestRunner.run(TestRunner.java:623)
	at org.testng.SuiteRunner.runTest(SuiteRunner.java:357)
	at org.testng.SuiteRunner.access$000(SuiteRunner.java:39)
	at org.testng.SuiteRunner$SuiteWorker.run(SuiteRunner.java:391)
	at org.testng.internal.thread.ThreadUtil$2.call(ThreadUtil.java:64)
	at java.util.concurrent.FutureTask.run(FutureTask.java:266)
	at java.util.concurrent.ThreadPoolExecutor.runWorker(ThreadPoolExecutor.java:1142)
	at java.util.concurrent.ThreadPoolExecutor$Worker.run(ThreadPoolExecutor.java:617)
	at java.lang.Thread.run(Thread.java:745)
java.lang.IllegalStateException: Cannot get a numeric value from a text cell
	at org.apache.poi.xssf.usermodel.XSSFCell.typeMismatch(XSSFCell.java:845)
	at org.apache.poi.xssf.usermodel.XSSFCell.getNumericCellValue(XSSFCell.java:202)
	at com.automation.utilities.Xls_Reader.getCellData(Xls_Reader.java:151)
	at com.automation.utilities.TestUtil.getData(TestUtil.java:183)
	at com.SalesForce.scripts.Contacts.getTestDataFor_TestCreateUser(Contacts.java:177)
	at sun.reflect.NativeMethodAccessorImpl.invoke0(Native Method)
	at sun.reflect.NativeMethodAccessorImpl.invoke(NativeMethodAccessorImpl.java:62)
	at sun.reflect.DelegatingMethodAccessorImpl.invoke(DelegatingMethodAccessorImpl.java:43)
	at java.lang.reflect.Method.invoke(Method.java:498)
	at org.testng.internal.MethodInvocationHelper.invokeMethod(MethodInvocationHelper.java:85)
	at org.testng.internal.MethodInvocationHelper.invokeDataProvider(MethodInvocationHelper.java:136)
	at org.testng.internal.Parameters.handleParameters(Parameters.java:430)
	at org.testng.internal.Invoker.handleParameters(Invoker.java:1276)
	at org.testng.internal.Invoker.createParameters(Invoker.java:992)
	at org.testng.internal.Invoker.invokeTestMethods(Invoker.java:1082)
	at org.testng.internal.TestMethodWorker.invokeTestMethods(TestMethodWorker.java:124)
	at org.testng.internal.TestMethodWorker.run(TestMethodWorker.java:108)
	at org.testng.TestRunner.privateRun(TestRunner.java:773)
	at org.testng.TestRunner.run(TestRunner.java:623)
	at org.testng.SuiteRunner.runTest(SuiteRunner.java:357)
	at org.testng.SuiteRunner.access$000(SuiteRunner.java:39)
	at org.testng.SuiteRunner$SuiteWorker.run(SuiteRunner.java:391)
	at org.testng.internal.thread.ThreadUtil$2.call(ThreadUtil.java:64)
	at java.util.concurrent.FutureTask.run(FutureTask.java:266)
	at java.util.concurrent.ThreadPoolExecutor.runWorker(ThreadPoolExecutor.java:1142)
	at java.util.concurrent.ThreadPoolExecutor$Worker.run(ThreadPoolExecutor.java:617)
	at java.lang.Thread.run(Thread.java:745)
java.lang.IllegalStateException: Cannot get a numeric value from a text cell
	at org.apache.poi.xssf.usermodel.XSSFCell.typeMismatch(XSSFCell.java:845)
	at org.apache.poi.xssf.usermodel.XSSFCell.getNumericCellValue(XSSFCell.java:202)
	at com.automation.utilities.Xls_Reader.getCellData(Xls_Reader.java:151)
	at com.automation.utilities.TestUtil.getData(TestUtil.java:184)
	at com.SalesForce.scripts.Contacts.getTestDataFor_TestCreateUser(Contacts.java:177)
	at sun.reflect.NativeMethodAccessorImpl.invoke0(Native Method)
	at sun.reflect.NativeMethodAccessorImpl.invoke(NativeMethodAccessorImpl.java:62)
	at sun.reflect.DelegatingMethodAccessorImpl.invoke(DelegatingMethodAccessorImpl.java:43)
	at java.lang.reflect.Method.invoke(Method.java:498)
	at org.testng.internal.MethodInvocationHelper.invokeMethod(MethodInvocationHelper.java:85)
	at org.testng.internal.MethodInvocationHelper.invokeDataProvider(MethodInvocationHelper.java:136)
	at org.testng.internal.Parameters.handleParameters(Parameters.java:430)
	at org.testng.internal.Invoker.handleParameters(Invoker.java:1276)
	at org.testng.internal.Invoker.createParameters(Invoker.java:992)
	at org.testng.internal.Invoker.invokeTestMethods(Invoker.java:1082)
	at org.testng.internal.TestMethodWorker.invokeTestMethods(TestMethodWorker.java:124)
	at org.testng.internal.TestMethodWorker.run(TestMethodWorker.java:108)
	at org.testng.TestRunner.privateRun(TestRunner.java:773)
	at org.testng.TestRunner.run(TestRunner.java:623)
	at org.testng.SuiteRunner.runTest(SuiteRunner.java:357)
	at org.testng.SuiteRunner.access$000(SuiteRunner.java:39)
	at org.testng.SuiteRunner$SuiteWorker.run(SuiteRunner.java:391)
	at org.testng.internal.thread.ThreadUtil$2.call(ThreadUtil.java:64)
	at java.util.concurrent.FutureTask.run(FutureTask.java:266)
	at java.util.concurrent.ThreadPoolExecutor.runWorker(ThreadPoolExecutor.java:1142)
	at java.util.concurrent.ThreadPoolExecutor$Worker.run(ThreadPoolExecutor.java:617)
	at java.lang.Thread.run(Thread.java:745)
java.lang.IllegalStateException: Cannot get a numeric value from a text cell
	at org.apache.poi.xssf.usermodel.XSSFCell.typeMismatch(XSSFCell.java:845)
	at org.apache.poi.xssf.usermodel.XSSFCell.getNumericCellValue(XSSFCell.java:202)
	at com.automation.utilities.Xls_Reader.getCellData(Xls_Reader.java:151)
	at com.automation.utilities.TestUtil.getData(TestUtil.java:183)
	at com.SalesForce.scripts.Contacts.getTestDataFor_TestCreateUser(Contacts.java:177)
	at sun.reflect.NativeMethodAccessorImpl.invoke0(Native Method)
	at sun.reflect.NativeMethodAccessorImpl.invoke(NativeMethodAccessorImpl.java:62)
	at sun.reflect.DelegatingMethodAccessorImpl.invoke(DelegatingMethodAccessorImpl.java:43)
	at java.lang.reflect.Method.invoke(Method.java:498)
	at org.testng.internal.MethodInvocationHelper.invokeMethod(MethodInvocationHelper.java:85)
	at org.testng.internal.MethodInvocationHelper.invokeDataProvider(MethodInvocationHelper.java:136)
	at org.testng.internal.Parameters.handleParameters(Parameters.java:430)
	at org.testng.internal.Invoker.handleParameters(Invoker.java:1276)
	at org.testng.internal.Invoker.createParameters(Invoker.java:992)
	at org.testng.internal.Invoker.invokeTestMethods(Invoker.java:1082)
	at org.testng.internal.TestMethodWorker.invokeTestMethods(TestMethodWorker.java:124)
	at org.testng.internal.TestMethodWorker.run(TestMethodWorker.java:108)
	at org.testng.TestRunner.privateRun(TestRunner.java:773)
	at org.testng.TestRunner.run(TestRunner.java:623)
	at org.testng.SuiteRunner.runTest(SuiteRunner.java:357)
	at org.testng.SuiteRunner.access$000(SuiteRunner.java:39)
	at org.testng.SuiteRunner$SuiteWorker.run(SuiteRunner.java:391)
	at org.testng.internal.thread.ThreadUtil$2.call(ThreadUtil.java:64)
	at java.util.concurrent.FutureTask.run(FutureTask.java:266)
	at java.util.concurrent.ThreadPoolExecutor.runWorker(ThreadPoolExecutor.java:1142)
	at java.util.concurrent.ThreadPoolExecutor$Worker.run(ThreadPoolExecutor.java:617)
	at java.lang.Thread.run(Thread.java:745)
java.lang.IllegalStateException: Cannot get a numeric value from a text cell
	at org.apache.poi.xssf.usermodel.XSSFCell.typeMismatch(XSSFCell.java:845)
	at org.apache.poi.xssf.usermodel.XSSFCell.getNumericCellValue(XSSFCell.java:202)
	at com.automation.utilities.Xls_Reader.getCellData(Xls_Reader.java:151)
	at com.automation.utilities.TestUtil.getData(TestUtil.java:184)
	at com.SalesForce.scripts.Contacts.getTestDataFor_TestCreateUser(Contacts.java:177)
	at sun.reflect.NativeMethodAccessorImpl.invoke0(Native Method)
	at sun.reflect.NativeMethodAccessorImpl.invoke(NativeMethodAccessorImpl.java:62)
	at sun.reflect.DelegatingMethodAccessorImpl.invoke(DelegatingMethodAccessorImpl.java:43)
	at java.lang.reflect.Method.invoke(Method.java:498)
	at org.testng.internal.MethodInvocationHelper.invokeMethod(MethodInvocationHelper.java:85)
	at org.testng.internal.MethodInvocationHelper.invokeDataProvider(MethodInvocationHelper.java:136)
	at org.testng.internal.Parameters.handleParameters(Parameters.java:430)
	at org.testng.internal.Invoker.handleParameters(Invoker.java:1276)
	at org.testng.internal.Invoker.createParameters(Invoker.java:992)
	at org.testng.internal.Invoker.invokeTestMethods(Invoker.java:1082)
	at org.testng.internal.TestMethodWorker.invokeTestMethods(TestMethodWorker.java:124)
	at org.testng.internal.TestMethodWorker.run(TestMethodWorker.java:108)
	at org.testng.TestRunner.privateRun(TestRunner.java:773)
	at org.testng.TestRunner.run(TestRunner.java:623)
	at org.testng.SuiteRunner.runTest(SuiteRunner.java:357)
	at org.testng.SuiteRunner.access$000(SuiteRunner.java:39)
	at org.testng.SuiteRunner$SuiteWorker.run(SuiteRunner.java:391)
	at org.testng.internal.thread.ThreadUtil$2.call(ThreadUtil.java:64)
	at java.util.concurrent.FutureTask.run(FutureTask.java:266)
	at java.util.concurrent.ThreadPoolExecutor.runWorker(ThreadPoolExecutor.java:1142)
	at java.util.concurrent.ThreadPoolExecutor$Worker.run(ThreadPoolExecutor.java:617)
	at java.lang.Thread.run(Thread.java:745)
java.lang.IllegalStateException: Cannot get a numeric value from a text cell
	at org.apache.poi.xssf.usermodel.XSSFCell.typeMismatch(XSSFCell.java:845)
	at org.apache.poi.xssf.usermodel.XSSFCell.getNumericCellValue(XSSFCell.java:202)
[...]
	at sun.reflect.DelegatingMethodAccessorImpl.invoke(DelegatingMethodAccessorImpl.java:43)
	at java.lang.reflect.Method.invoke(Method.java:498)
	at org.testng.internal.MethodInvocationHelper.invokeMethod(MethodInvocationHelper.java:85)
	at org.testng.internal.MethodInvocationHelper.invokeDataProvider(MethodInvocationHelper.java:136)
	at org.testng.internal.Parameters.handleParameters(Parameters.java:430)
	at org.testng.internal.Invoker.handleParameters(Invoker.java:1276)
	at org.testng.internal.Invoker.createParameters(Invoker.java:992)
	at org.testng.internal.Invoker.invokeTestMethods(Invoker.java:1082)
	at org.testng.internal.TestMethodWorker.invokeTestMethods(TestMethodWorker.java:124)
	at org.testng.internal.TestMethodWorker.run(TestMethodWorker.java:108)
	at org.testng.TestRunner.privateRun(TestRunner.java:773)
	at org.testng.TestRunner.run(TestRunner.java:623)
	at org.testng.SuiteRunner.runTest(SuiteRunner.java:357)
	at org.testng.SuiteRunner.access$000(SuiteRunner.java:39)
	at org.testng.SuiteRunner$SuiteWorker.run(SuiteRunner.java:391)
	at org.testng.internal.thread.ThreadUtil$2.call(ThreadUtil.java:64)
	at java.util.concurrent.FutureTask.run(FutureTask.java:266)
	at java.util.concurrent.ThreadPoolExecutor.runWorker(ThreadPoolExecutor.java:1142)
	at java.util.concurrent.ThreadPoolExecutor$Worker.run(ThreadPoolExecutor.java:617)
	at java.lang.Thread.run(Thread.java:745)
java.lang.IllegalStateException: Cannot get a numeric value from a text cell
	at org.apache.poi.xssf.usermodel.XSSFCell.typeMismatch(XSSFCell.java:845)
	at org.apache.poi.xssf.usermodel.XSSFCell.getNumericCellValue(XSSFCell.java:202)
	at com.automation.utilities.Xls_Reader.getCellData(Xls_Reader.java:151)
	at com.automation.utilities.TestUtil.getData(TestUtil.java:184)
	at com.SalesForce.scripts.Contacts.getTestDataFor_TestCreateUser(Contacts.java:177)
	at sun.reflect.NativeMethodAccessorImpl.invoke0(Native Method)
	at sun.reflect.NativeMethodAccessorImpl.invoke(NativeMethodAccessorImpl.java:62)
	at sun.reflect.DelegatingMethodAccessorImpl.invoke(DelegatingMethodAccessorImpl.java:43)
	at java.lang.reflect.Method.invoke(Method.java:498)
	at org.testng.internal.MethodInvocationHelper.invokeMethod(MethodInvocationHelper.java:85)
	at org.testng.internal.MethodInvocationHelper.invokeDataProvider(MethodInvocationHelper.java:136)
	at org.testng.internal.Parameters.handleParameters(Parameters.java:430)
	at org.testng.internal.Invoker.handleParameters(Invoker.java:1276)
	at org.testng.internal.Invoker.createParameters(Invoker.java:992)
	at org.testng.internal.Invoker.invokeTestMethods(Invoker.java:1082)
	at org.testng.internal.TestMethodWorker.invokeTestMethods(TestMethodWorker.java:124)
	at org.testng.internal.TestMethodWorker.run(TestMethodWorker.java:108)
	at org.testng.TestRunner.privateRun(TestRunner.java:773)
	at org.testng.TestRunner.run(TestRunner.java:623)
	at org.testng.SuiteRunner.runTest(SuiteRunner.java:357)
	at org.testng.SuiteRunner.access$000(SuiteRunner.java:39)
	at org.testng.SuiteRunner$SuiteWorker.run(SuiteRunner.java:391)
	at org.testng.internal.thread.ThreadUtil$2.call(ThreadUtil.java:64)
	at java.util.concurrent.FutureTask.run(FutureTask.java:266)
	at java.util.concurrent.ThreadPoolExecutor.runWorker(ThreadPoolExecutor.java:1142)
	at java.util.concurrent.ThreadPoolExecutor$Worker.run(ThreadPoolExecutor.java:617)
	at java.lang.Thread.run(Thread.java:745)
]]></system-err>
  </testcase>
  <testcase name="beforeMethod" classname="com.SalesForce.scripts.Contacts" time="0">
    <skipped/>
  </testcase>
  <testcase name="beforeMethod" classname="com.SalesForce.scripts.Contacts" time="0">
    <skipped/>
  </testcase>
  <testcase name="beforeMethod" classname="com.SalesForce.scripts.Contacts" time="0">
    <skipped/>
  </testcase>
  <testcase name="beforeMethod" classname="com.SalesForce.scripts.Contacts" time="0">
    <skipped/>
  </testcase>
  <testcase name="beforeMethod" classname="com.SalesForce.scripts.Contacts" time="0">
    <skipped/>
  </testcase>
  <testcase name="beforeMethod" classname="com.SalesForce.scripts.Contacts" time="0">
    <skipped/>
  </testcase>
  <testcase name="beforeMethod" classname="com.SalesForce.scripts.Contacts" time="0">
    <skipped/>
  </testcase>
  <testcase name="beforeMethod" classname="com.SalesForce.scripts.Contacts" time="0">
    <skipped/>
  </testcase>
  <testcase name="beforeMethod" classname="com.SalesForce.scripts.Contacts" time="0">
    <skipped/>
  </testcase>
  <testcase name="beforeMethod" classname="com.SalesForce.scripts.Contacts" time="0">
    <skipped/>
  </testcase>
  <testcase name="beforeMethod" classname="com.SalesForce.scripts.Contacts" time="0">
    <skipped/>
  </testcase>
  <testcase name="beforeMethod" classname="com.SalesForce.scripts.Contacts" time="0">
    <skipped/>
  </testcase>
  <testcase name="beforeMethod" classname="com.SalesForce.scripts.Contacts" time="0">
    <skipped/>
  </testcase>
  <testcase name="beforeMethod" classname="com.SalesForce.scripts.Contacts" time="0">
    <skipped/>
  </testcase>
  <testcase name="beforeMethod" classname="com.SalesForce.scripts.Contacts" time="0">
    <skipped/>
  </testcase>
  <testcase name="beforeMethod" classname="com.SalesForce.scripts.Contacts" time="0">
    <skipped/>
  </testcase>
  <testcase name="beforeMethod" classname="com.SalesForce.scripts.Contacts" time="0">
    <skipped/>
  </testcase>
  <testcase name="beforeMethod" classname="com.SalesForce.scripts.Contacts" time="0">
    <skipped/>
  </testcase>
  <testcase name="beforeMethod" classname="com.SalesForce.scripts.Contacts" time="0">
    <skipped/>
  </testcase>
  <testcase name="beforeMethod" classname="com.SalesForce.scripts.Contacts" time="0">
    <skipped/>
  </testcase>
  <testcase name="beforeMethod" classname="com.SalesForce.scripts.Contacts" time="0">
    <skipped/>
  </testcase>
  <testcase name="beforeMethod" classname="com.SalesForce.scripts.Contacts" time="0">
    <skipped/>
  </testcase>
  <testcase name="beforeMethod" classname="com.SalesForce.scripts.Contacts" time="0">
    <skipped/>
  </testcase>
  <testcase name="beforeMethod" classname="com.SalesForce.scripts.Contacts" time="0">
    <skipped/>
  </testcase>
  <testcase name="beforeMethod" classname="com.SalesForce.scripts.Contacts" time="0">
    <skipped/>
  </testcase>
  <testcase name="beforeMethod" classname="com.SalesForce.scripts.Contacts" time="0">
    <skipped/>
  </testcase>
  <testcase name="beforeMethod" classname="com.SalesForce.scripts.Contacts" time="0">
    <skipped/>
  </testcase>
  <testcase name="beforeMethod" classname="com.SalesForce.scripts.Contacts" time="0">
    <skipped/>
  </testcase>
  <testcase name="beforeMethod" classname="com.SalesForce.scripts.Contacts" time="0">
    <skipped/>
  </testcase>
  <testcase name="beforeMethod" classname="com.SalesForce.scripts.Contacts" time="0">
    <skipped/>
  </testcase>
  <testcase name="beforeMethod" classname="com.SalesForce.scripts.Contacts" time="0">
    <skipped/>
  </testcase>
  <testcase name="beforeMethod" classname="com.SalesForce.scripts.Contacts" time="0">
    <skipped/>
  </testcase>
  <testcase name="beforeMethod" classname="com.SalesForce.scripts.Contacts" time="0">
    <skipped/>
  </testcase>
  <testcase name="beforeMethod" classname="com.SalesForce.scripts.Contacts" time="0">
    <skipped/>
  </testcase>
  <testcase name="beforeMethod" classname="com.SalesForce.scripts.Contacts" time="0">
    <skipped/>
  </testcase>
  <testcase name="beforeMethod" classname="com.SalesForce.scripts.Contacts" time="0">
    <skipped/>
  </testcase>
  <testcase name="beforeMethod" classname="com.SalesForce.scripts.Contacts" time="0">
    <skipped/>
  </testcase>
  <testcase name="beforeMethod" classname="com.SalesForce.scripts.Contacts" time="0">
    <skipped/>
  </testcase>
  <testcase name="beforeMethod" classname="com.SalesForce.scripts.Contacts" time="0">
    <skipped/>
  </testcase>
  <testcase name="beforeMethod" classname="com.SalesForce.scripts.Contacts" time="0">
    <skipped/>
  </testcase>
  <testcase name="beforeMethod" classname="com.SalesForce.scripts.Contacts" time="0">
    <skipped/>
  </testcase>
  <testcase name="beforeMethod" classname="com.SalesForce.scripts.Contacts" time="0">
    <skipped/>
  </testcase>
  <testcase name="beforeMethod" classname="com.SalesForce.scripts.Contacts" time="0">
    <skipped/>
  </testcase>
  <testcase name="beforeMethod" classname="com.SalesForce.scripts.Contacts" time="0">
    <skipped/>
  </testcase>
  <testcase name="beforeMethod" classname="com.SalesForce.scripts.Contacts" time="0">
    <skipped/>
  </testcase>
  <testcase name="beforeMethod" classname="com.SalesForce.scripts.Contacts" time="0">
    <skipped/>
  </testcase>
  <testcase name="beforeMethod" classname="com.SalesForce.scripts.Contacts" time="0">
    <skipped/>
  </testcase>
  <testcase name="beforeMethod" classname="com.SalesForce.scripts.Contacts" time="0">
    <skipped/>
  </testcase>
  <testcase name="beforeMethod" classname="com.SalesForce.scripts.Contacts" time="0">
    <skipped/>
  </testcase>
  <testcase name="beforeMethod" classname="com.SalesForce.scripts.Contacts" time="0">
    <skipped/>
  </testcase>
  <testcase name="beforeMethod" classname="com.SalesForce.scripts.Contacts" time="0">
    <skipped/>
  </testcase>
  <testcase name="beforeMethod" classname="com.SalesForce.scripts.Contacts" time="0">
    <skipped/>
  </testcase>
  <testcase name="beforeMethod" classname="com.SalesForce.scripts.Contacts" time="0">
    <skipped/>
  </testcase>
  <testcase name="beforeMethod" classname="com.SalesForce.scripts.Contacts" time="0">
    <skipped/>
  </testcase>
  <testcase name="beforeMethod" classname="com.SalesForce.scripts.Contacts" time="0">
    <skipped/>
  </testcase>
  <testcase name="beforeMethod" classname="com.SalesForce.scripts.Contacts" time="0">
    <skipped/>
  </testcase>
  <testcase name="beforeMethod" classname="com.SalesForce.scripts.Contacts" time="0">
    <skipped/>
  </testcase>
  <testcase name="beforeMethod" classname="com.SalesForce.scripts.Contacts" time="0">
    <skipped/>
  </testcase>
  <testcase name="beforeMethod" classname="com.SalesForce.scripts.Contacts" time="0">
    <skipped/>
  </testcase>
  <testcase name="beforeMethod" classname="com.SalesForce.scripts.Contacts" time="0">
    <skipped/>
  </testcase>
  <testcase name="beforeMethod" classname="com.SalesForce.scripts.Contacts" time="0">
    <skipped/>
  </testcase>
  <testcase name="beforeMethod" classname="com.SalesForce.scripts.Contacts" time="0">
    <skipped/>
  </testcase>
  <testcase name="beforeMethod" classname="com.SalesForce.scripts.Contacts" time="0">
    <skipped/>
  </testcase>
  <testcase name="beforeMethod" classname="com.SalesForce.scripts.Contacts" time="0">
    <skipped/>
  </testcase>
  <testcase name="beforeMethod" classname="com.SalesForce.scripts.Contacts" time="0">
    <skipped/>
  </testcase>
  <testcase name="beforeMethod" classname="com.SalesForce.scripts.Contacts" time="0">
    <skipped/>
  </testcase>
  <testcase name="beforeMethod" classname="com.SalesForce.scripts.Contacts" time="0">
    <skipped/>
  </testcase>
  <testcase name="beforeMethod" classname="com.SalesForce.scripts.Contacts" time="0">
    <skipped/>
  </testcase>
  <testcase name="beforeMethod" classname="com.SalesForce.scripts.Contacts" time="0">
    <skipped/>
  </testcase>
  <testcase name="TestCreateContact" classname="com.SalesForce.scripts.Contacts" time="0">
    <skipped/>
  </testcase>
  <testcase name="TestCreateDuplicateContact" classname="com.SalesForce.scripts.Contacts" time="0">
    <skipped/>
  </testcase>
  <testcase name="TestLinkContactWithMultipleAccounts" classname="com.SalesForce.scripts.Contacts" time="0">
    <skipped/>
  </testcase>
  <testcase name="TestCreateUser" classname="com.SalesForce.scripts.Contacts" time="0">
    <skipped/>
  </testcase>
  <testcase name="TestCreateUser" classname="com.SalesForce.scripts.Contacts" time="0">
    <skipped/>
  </testcase>
  <testcase name="TestCreateUser" classname="com.SalesForce.scripts.Contacts" time="0">
    <skipped/>
  </testcase>
  <testcase name="TestCreateUser" classname="com.SalesForce.scripts.Contacts" time="0">
    <skipped/>
  </testcase>
  <testcase name="TestCreateUser" classname="com.SalesForce.scripts.Contacts" time="0">
    <skipped/>
  </testcase>
  <testcase name="TestCreateUser" classname="com.SalesForce.scripts.Contacts" time="0">
    <skipped/>
  </testcase>
  <testcase name="TestCreateUser" classname="com.SalesForce.scripts.Contacts" time="0">
    <skipped/>
  </testcase>
  <testcase name="TestCreateUser" classname="com.SalesForce.scripts.Contacts" time="0">
    <skipped/>
  </testcase>
  <testcase name="TestCreateUser" classname="com.SalesForce.scripts.Contacts" time="0">
    <skipped/>
  </testcase>
  <testcase name="TestCreateUser" classname="com.SalesForce.scripts.Contacts" time="0">
    <skipped/>
  </testcase>
  <testcase name="TestCreateUser" classname="com.SalesForce.scripts.Contacts" time="0">
    <skipped/>
  </testcase>
  <testcase name="TestCreateUser" classname="com.SalesForce.scripts.Contacts" time="0">
    <skipped/>
  </testcase>
  <testcase name="TestCreateUser" classname="com.SalesForce.scripts.Contacts" time="0">
    <skipped/>
  </testcase>
  <testcase name="TestCreateUser" classname="com.SalesForce.scripts.Contacts" time="0">
    <skipped/>
  </testcase>
  <testcase name="TestCreateUser" classname="com.SalesForce.scripts.Contacts" time="0">
    <skipped/>
  </testcase>
  <testcase name="TestCreateUser" classname="com.SalesForce.scripts.Contacts" time="0">
    <skipped/>
  </testcase>
  <testcase name="TestCreateUser" classname="com.SalesForce.scripts.Contacts" time="0">
    <skipped/>
  </testcase>
  <testcase name="TestCreateUser" classname="com.SalesForce.scripts.Contacts" time="0">
    <skipped/>
  </testcase>
  <testcase name="TestCreateUser" classname="com.SalesForce.scripts.Contacts" time="0">
    <skipped/>
  </testcase>
  <testcase name="TestCreateUser" classname="com.SalesForce.scripts.Contacts" time="0">
    <skipped/>
  </testcase>
  <testcase name="TestCreateUser" classname="com.SalesForce.scripts.Contacts" time="0">
    <skipped/>
  </testcase>
  <testcase name="TestCreateUser" classname="com.SalesForce.scripts.Contacts" time="0">
    <skipped/>
  </testcase>
  <testcase name="TestCreateUser" classname="com.SalesForce.scripts.Contacts" time="0">
    <skipped/>
  </testcase>
  <testcase name="TestCreateUser" classname="com.SalesForce.scripts.Contacts" time="0">
    <skipped/>
  </testcase>
  <testcase name="TestCreateUser" classname="com.SalesForce.scripts.Contacts" time="0">
    <skipped/>
  </testcase>
  <testcase name="TestCreateUser" classname="com.SalesForce.scripts.Contacts" time="0">
    <skipped/>
  </testcase>
  <testcase name="TestCreateUser" classname="com.SalesForce.scripts.Contacts" time="0">
    <skipped/>
  </testcase>
  <testcase name="TestCreateUser" classname="com.SalesForce.scripts.Contacts" time="0">
    <skipped/>
  </testcase>
  <testcase name="TestCreateUser" classname="com.SalesForce.scripts.Contacts" time="0">
    <skipped/>
  </testcase>
  <testcase name="TestCreateUser" classname="com.SalesForce.scripts.Contacts" time="0">
    <skipped/>
  </testcase>
  <testcase name="TestCreateUser" classname="com.SalesForce.scripts.Contacts" time="0">
    <skipped/>
  </testcase>
  <testcase name="TestCreateUser" classname="com.SalesForce.scripts.Contacts" time="0">
    <skipped/>
  </testcase>
  <testcase name="TestCreateUser" classname="com.SalesForce.scripts.Contacts" time="0">
    <skipped/>
  </testcase>
  <testcase name="TestCreateUser" classname="com.SalesForce.scripts.Contacts" time="0">
    <skipped/>
  </testcase>
  <testcase name="TestCreateUser" classname="com.SalesForce.scripts.Contacts" time="0">
    <skipped/>
  </testcase>
  <testcase name="TestCreateUser" classname="com.SalesForce.scripts.Contacts" time="0">
    <skipped/>
  </testcase>
  <testcase name="TestCreateUser" classname="com.SalesForce.scripts.Contacts" time="0">
    <skipped/>
  </testcase>
  <testcase name="TestCreateUser" classname="com.SalesForce.scripts.Contacts" time="0">
    <skipped/>
  </testcase>
  <testcase name="TestCreateUser" classname="com.SalesForce.scripts.Contacts" time="0">
    <skipped/>
  </testcase>
  <testcase name="TestCreateUser" classname="com.SalesForce.scripts.Contacts" time="0">
    <skipped/>
  </testcase>
  <testcase name="TestCreateUser" classname="com.SalesForce.scripts.Contacts" time="0">
    <skipped/>
  </testcase>
  <testcase name="TestCreateUser" classname="com.SalesForce.scripts.Contacts" time="0">
    <skipped/>
  </testcase>
  <testcase name="TestCreateUser" classname="com.SalesForce.scripts.Contacts" time="0">
    <skipped/>
  </testcase>
  <testcase name="TestCreateUser" classname="com.SalesForce.scripts.Contacts" time="0">
    <skipped/>
  </testcase>
  <testcase name="TestCreateUser" classname="com.SalesForce.scripts.Contacts" time="0">
    <skipped/>
  </testcase>
  <testcase name="TestCreateUser" classname="com.SalesForce.scripts.Contacts" time="0">
    <skipped/>
  </testcase>
  <testcase name="TestCreateUser" classname="com.SalesForce.scripts.Contacts" time="0">
    <skipped/>
  </testcase>
  <testcase name="TestCreateUser" classname="com.SalesForce.scripts.Contacts" time="0">
    <skipped/>
  </testcase>
  <testcase name="TestCreateUser" classname="com.SalesForce.scripts.Contacts" time="0">
    <skipped/>
  </testcase>
  <testcase name="TestCreateUser" classname="com.SalesForce.scripts.Contacts" time="0">
    <skipped/>
  </testcase>
  <testcase name="TestCreateUser" classname="com.SalesForce.scripts.Contacts" time="0">
    <skipped/>
  </testcase>
  <testcase name="TestCreateUser" classname="com.SalesForce.scripts.Contacts" time="0">
    <skipped/>
  </testcase>
  <testcase name="TestCreateUser" classname="com.SalesForce.scripts.Contacts" time="0">
    <skipped/>
  </testcase>
  <testcase name="TestCreateUser" classname="com.SalesForce.scripts.Contacts" time="0">
    <skipped/>
  </testcase>
  <testcase name="TestCreateUser" classname="com.SalesForce.scripts.Contacts" time="0">
    <skipped/>
  </testcase>
  <testcase name="TestCreateUser" classname="com.SalesForce.scripts.Contacts" time="0">
    <skipped/>
  </testcase>
  <testcase name="TestCreateUser" classname="com.SalesForce.scripts.Contacts" time="0">
    <skipped/>
  </testcase>
  <testcase name="TestCreateUser" classname="com.SalesForce.scripts.Contacts" time="0">
    <skipped/>
  </testcase>
  <testcase name="TestCreateUser" classname="com.SalesForce.scripts.Contacts" time="0">
    <skipped/>
  </testcase>
  <testcase name="TestCreateUser" classname="com.SalesForce.scripts.Contacts" time="0">
    <skipped/>
  </testcase>
  <testcase name="TestCreateUser" classname="com.SalesForce.scripts.Contacts" time="0">
    <skipped/>
  </testcase>
  <testcase name="TestCreateUser" classname="com.SalesForce.scripts.Contacts" time="0">
    <skipped/>
  </testcase>
  <testcase name="TestCreateUser" classname="com.SalesForce.scripts.Contacts" time="0">
    <skipped/>
  </testcase>
  <testcase name="TestCreateUser" classname="com.SalesForce.scripts.Contacts" time="0">
    <skipped/>
  </testcase>
  <testcase name="TestCreateUser" classname="com.SalesForce.scripts.Contacts" time="0">
    <skipped/>
  </testcase>
  <testcase name="TestCreateUser" classname="com.SalesForce.scripts.Contacts" time="0">
    <skipped/>
  </testcase>
  <testcase name="TestCreateUser" classname="com.SalesForce.scripts.Contacts" time="0">
    <skipped/>
  </testcase>
  <testcase name="TestCreateUser" classname="com.SalesForce.scripts.Contacts" time="0">
    <skipped/>
  </testcase>
  <testcase name="TestCreateUser" classname="com.SalesForce.scripts.Contacts" time="0">
    <skipped/>
  </testcase>
  <testcase name="TestCreateUser" classname="com.SalesForce.scripts.Contacts" time="0">
    <skipped/>
  </testcase>
</testsuite>