<?xml version="1.0" encoding="UTF-8"?>
<testsuite name="chromeWindowslocal"
           tests="3"
           failures="0"
           errors="0"
           skipped="0"
           time="375.552">
  <properties />
  
  
            <testcase name="TestCreateNegativeWinBackOpportunityWorkflow" time="129.164" classname="com.Idexx.scripts.OpportunityPageScript" />
                <testcase name="TestCreateNegativeWinBackOpportunity" time="129.906" classname="com.Idexx.scripts.OpportunityPageScript" />
                <testcase name="TestCreateLPDOpportunity" time="116.482" classname="com.Idexx.scripts.OpportunityPageScript" />
      
</testsuite>
