<?xml version="1.0" encoding="UTF-8"?>
<testsuite name="IEWindowsLocal"
           tests="8"
           failures="0"
           errors="0"
           skipped="0"
           time="1487.962">
  <properties />
  
  
            <testcase name="CreateSalesandSupportTask" time="270.651" classname="com.Idexx.scripts.Activity" />
                <testcase name="CreateSalesandSupportTaskMultipleContact" time="229.090" classname="com.Idexx.scripts.Activity" />
                <testcase name="CreateActivityFromOpportunity" time="49.608" classname="com.Idexx.scripts.Activity" />
                <testcase name="CreateSalesandSupportTaskOpportunity" time="167.123" classname="com.Idexx.scripts.Activity" />
                <testcase name="CreateActivityFromAccounts" time="206.732" classname="com.Idexx.scripts.Activity" />
                <testcase name="DifferentiationBetweenActivityAndTask" time="206.668" classname="com.Idexx.scripts.Activity" />
                <testcase name="CreateActivityFromContact" time="219.122" classname="com.Idexx.scripts.Activity" />
                <testcase name="CreateSalesandSupportTaskContact" time="138.968" classname="com.Idexx.scripts.Activity" />
      
</testsuite>
