<?xml version="1.0" encoding="UTF-8"?>
<testsuite name="FIREFOX on WINDOWS LOCAL"
           tests="55"
           failures="0"
           errors="0"
           skipped="0"
           time="1881.380">
  <properties />
  
  
            <testcase name="verifyingLeadScoreinLeads" time="33.491" classname="com.Idexx.scripts.Leads" />
                <testcase name="trackingWordOfMouthLeadSourceinLeads" time="30.780" classname="com.Idexx.scripts.Leads" />
                <testcase name="verifyingReasonEmployeeBenefitLeadsAlignWithUMUCinLeads" time="24.002" classname="com.Idexx.scripts.Leads" />
                <testcase name="uploadingbulkleadsinLeads" time="20.994" classname="com.Idexx.scripts.Leads" />
                <testcase name="verifyingLeadsByScoreAndBusinessGroupinLeads" time="24.326" classname="com.Idexx.scripts.Leads" />
                <testcase name="noleadConnectioninLeads" time="23.952" classname="com.Idexx.scripts.Leads" />
                <testcase name="verifyingCoBrandingAlignWithUMUCinLeads" time="25.753" classname="com.Idexx.scripts.Leads" />
                <testcase name="phoneInquiryLeadSourceinLeads" time="38.453" classname="com.Idexx.scripts.Leads" />
                <testcase name="verifyingLeadershipAndProfessionalDevelopmentAlignWithUMUCinLeads" time="24.098" classname="com.Idexx.scripts.Leads" />
                <testcase name="trackLeadSourceinLeads" time="38.084" classname="com.Idexx.scripts.Leads" />
                <testcase name="creatingNewLeadRecordinLeads" time="70.678" classname="com.Idexx.scripts.Leads" />
                <testcase name="creatingNewLeadWithSalutationinLeads" time="45.461" classname="com.Idexx.scripts.Leads" />
                <testcase name="trackingBusinessGroupinLeads" time="24.477" classname="com.Idexx.scripts.Leads" />
                <testcase name="convertingNewLeadRecordToAcccountsOppAndContactsinLeads" time="59.530" classname="com.Idexx.scripts.Leads" />
                <testcase name="trackPhysicalAddressinLeads" time="55.502" classname="com.Idexx.scripts.Leads" />
                <testcase name="trackingSeminarLeadSourceinLeads" time="30.660" classname="com.Idexx.scripts.Leads" />
                <testcase name="selectpartnerReferralLeadSourceinLeads" time="38.608" classname="com.Idexx.scripts.Leads" />
                <testcase name="creatingNewLeadSaveAndNewinLeads" time="45.194" classname="com.Idexx.scripts.Leads" />
                <testcase name="NotAbleToCreateLeadsRecordinLeads" time="35.465" classname="com.Idexx.scripts.Leads" />
                <testcase name="enteringLeadsNameinLeads" time="37.065" classname="com.Idexx.scripts.Leads" />
                <testcase name="transferringOwnershipToOtherGroupinLeads" time="31.763" classname="com.Idexx.scripts.Leads" />
                <testcase name="trackingPhoneChannelinLeads" time="43.880" classname="com.Idexx.scripts.Leads" />
                <testcase name="CreatetaskOnLeadRecordinLeads" time="21.191" classname="com.Idexx.scripts.Leads" />
                <testcase name="leadMovingFromTargetToEngageinLeads" time="24.732" classname="com.Idexx.scripts.Leads" />
                <testcase name="transferringOwnershipToAnotherUserinLeads" time="31.399" classname="com.Idexx.scripts.Leads" />
                <testcase name="cloningLeadsRecordsinLeads" time="57.584" classname="com.Idexx.scripts.Leads" />
                <testcase name="verifyingErrorMessageinLeads" time="32.746" classname="com.Idexx.scripts.Leads" />
                <testcase name="selectOtherLeadSourceinLeads" time="39.495" classname="com.Idexx.scripts.Leads" />
                <testcase name="verifyingReasonDegreeCompletionLeadsAlignWithUMUCinLeads" time="24.087" classname="com.Idexx.scripts.Leads" />
                <testcase name="verifyingReasonLeadsAlignWithUMUCinLeads" time="24.179" classname="com.Idexx.scripts.Leads" />
                <testcase name="viewingAllRecordsinLeads" time="23.764" classname="com.Idexx.scripts.Leads" />
                <testcase name="enteringPotentialLeadsinLeads" time="23.143" classname="com.Idexx.scripts.Leads" />
                <testcase name="trackPhoneNumberinLeads" time="41.308" classname="com.Idexx.scripts.Leads" />
                <testcase name="trackingEmailChannelinLeads" time="48.908" classname="com.Idexx.scripts.Leads" />
                <testcase name="trackingCenterForCreativeLeadershipLeadSourceinLeads" time="29.774" classname="com.Idexx.scripts.Leads" />
                <testcase name="verifyingAcademicInputAlignWithUMUCinLeads" time="24.081" classname="com.Idexx.scripts.Leads" />
                <testcase name="trackingPublicRelationsLeadSourceinLeads" time="31.896" classname="com.Idexx.scripts.Leads" />
                <testcase name="verifyingManagerLogininLeads" time="44.222" classname="com.Idexx.scripts.Leads" />
                <testcase name="verifyingLeadAsUMUCAlumnusNewLeadsRecordinLeads" time="27.169" classname="com.Idexx.scripts.Leads" />
                <testcase name="verifyingLeadAsUMUCAlumnusExistingLeadsRecordinLeads" time="26.895" classname="com.Idexx.scripts.Leads" />
                <testcase name="B2BLeadsFrompastprograminLeads" time="25.598" classname="com.Idexx.scripts.Leads" />
                <testcase name="verifyingFundRaisingAlignWithUMUCinLeads" time="24.059" classname="com.Idexx.scripts.Leads" />
                <testcase name="selectWebLeadSourceinLeads" time="38.699" classname="com.Idexx.scripts.Leads" />
                <testcase name="modifyingLeadsRecordinLeads" time="43.838" classname="com.Idexx.scripts.Leads" />
                <testcase name="leadScoreStandadOutOfTheBoxinLeads" time="23.234" classname="com.Idexx.scripts.Leads" />
                <testcase name="selectpurchasedListLeadSourceinLeads" time="32.401" classname="com.Idexx.scripts.Leads" />
                <testcase name="trackEmailAddressinLeads" time="41.651" classname="com.Idexx.scripts.Leads" />
                <testcase name="trackingAdvertisementLeadSourceinLeads" time="31.256" classname="com.Idexx.scripts.Leads" />
                <testcase name="verifyingCentreForCreativeLeadershipinLeads" time="23.940" classname="com.Idexx.scripts.Leads" />
                <testcase name="convertingExistingLeadRecordToAcccountsOppAndContactsinLeads" time="58.053" classname="com.Idexx.scripts.Leads" />
                <testcase name="trackingWebChannelinLeads" time="48.734" classname="com.Idexx.scripts.Leads" />
                <testcase name="verifyingReasonCareerServicesAlignWithUMUCinLeads" time="24.214" classname="com.Idexx.scripts.Leads" />
                <testcase name="LeadsProgramEnrollmentinLeads" time="21.160" classname="com.Idexx.scripts.Leads" />
                <testcase name="verifyLeadScoreinLeads" time="34.984" classname="com.Idexx.scripts.Leads" />
                <testcase name="trackingFaceToFaceChannelinLeads" time="30.770" classname="com.Idexx.scripts.Leads" />
      
</testsuite>
