<?xml version="1.0" encoding="UTF-8"?>
<testsuite name="chromeWindowsLocal"
           tests="4"
           failures="0"
           errors="0"
           skipped="0"
           time="454.748">
  <properties />
  
  
            <testcase name="TestPurchaseSavedOrder" time="129.108" classname="com.Idexx.scripts.Contacts" />
                <testcase name="TestCreateOrder" time="110.663" classname="com.Idexx.scripts.Contacts" />
                <testcase name="TestSaveOrder" time="98.531" classname="com.Idexx.scripts.Contacts" />
                <testcase name="TestDeleteOrder" time="116.446" classname="com.Idexx.scripts.Contacts" />
      
</testsuite>
