<?xml version="1.0" encoding="UTF-8"?>
<testsuite name="IEWindowsLocal"
           tests="4"
           failures="0"
           errors="0"
           skipped="0"
           time="643.412">
  <properties />
  
  
            <testcase name="TestCreateLPDOpportunity" time="193.903" classname="com.Idexx.scripts.Opportunity" />
                <testcase name="TestCreateTenderOpportunity" time="122.076" classname="com.Idexx.scripts.Opportunity" />
                <testcase name="TestCreateNegativeWinBackOpportunityWorkflow" time="195.622" classname="com.Idexx.scripts.Opportunity" />
                <testcase name="TestCreateNegativeWinBackOpportunity" time="131.811" classname="com.Idexx.scripts.Opportunity" />
      
</testsuite>
